2020-06-30 19:35:43 [scrapy.utils.log] INFO: Scrapy 2.1.0 started (bot: hotspot_crawler)
2020-06-30 19:35:43 [scrapy.utils.log] INFO: Versions: lxml 4.5.1.0, libxml2 2.9.10, cssselect 1.1.0, parsel 1.6.0, w3lib 1.22.0, Twisted 20.3.0, Python 3.7.6 | packaged by conda-forge | (default, Mar 23 2020, 22:22:21) [MSC v.1916 64 bit (AMD64)], pyOpenSSL 19.1.0 (OpenSSL 1.1.1g  21 Apr 2020), cryptography 2.8, Platform Windows-10-10.0.18362-SP0
2020-06-30 19:35:43 [scrapy.utils.log] DEBUG: Using reactor: twisted.internet.selectreactor.SelectReactor
2020-06-30 19:35:43 [scrapy.crawler] INFO: Overridden settings:
{'AUTOTHROTTLE_ENABLED': True,
 'BOT_NAME': 'hotspot_crawler',
 'CONCURRENT_REQUESTS': 32,
 'COOKIES_ENABLED': False,
 'FEED_EXPORT_ENCODING': 'utf-8',
 'LOG_FILE': './hotspot_crawler/log/20200630_193543.log',
 'NEWSPIDER_MODULE': 'hotspot_crawler.spiders',
 'SPIDER_MODULES': ['hotspot_crawler.spiders.TencentHotspot',
                    'hotspot_crawler.spiders.SohuHotspot',
                    'hotspot_crawler.spiders.XinhuaHotspot',
                    'hotspot_crawler.spiders.HuanqiuHotspot',
                    'hotspot_crawler.spiders.BaiduHotspot',
                    'hotspot_crawler.spiders.FengHuangHotspot',
                    'hotspot_crawler.spiders.SinaHotspot']}
2020-06-30 19:35:43 [scrapy.extensions.telnet] INFO: Telnet Password: 386e07d0accc5a0b
2020-06-30 19:35:43 [scrapy.middleware] INFO: Enabled extensions:
['scrapy.extensions.corestats.CoreStats',
 'scrapy.extensions.telnet.TelnetConsole',
 'scrapy.extensions.logstats.LogStats',
 'scrapy.extensions.throttle.AutoThrottle']
2020-06-30 19:35:44 [scrapy.middleware] INFO: Enabled downloader middlewares:
['scrapy.downloadermiddlewares.httpauth.HttpAuthMiddleware',
 'scrapy.downloadermiddlewares.downloadtimeout.DownloadTimeoutMiddleware',
 'scrapy.downloadermiddlewares.defaultheaders.DefaultHeadersMiddleware',
 'scrapy.downloadermiddlewares.useragent.UserAgentMiddleware',
 'hotspot_crawler.middlewares.HotspotCrawlerDownloaderMiddleware',
 'scrapy.downloadermiddlewares.retry.RetryMiddleware',
 'scrapy.downloadermiddlewares.redirect.MetaRefreshMiddleware',
 'scrapy.downloadermiddlewares.httpcompression.HttpCompressionMiddleware',
 'scrapy.downloadermiddlewares.redirect.RedirectMiddleware',
 'hotspot_crawler.middlewares.UserAgentMiddleware',
 'scrapy.downloadermiddlewares.httpproxy.HttpProxyMiddleware',
 'scrapy.downloadermiddlewares.stats.DownloaderStats']
2020-06-30 19:35:44 [scrapy.middleware] INFO: Enabled spider middlewares:
['scrapy.spidermiddlewares.httperror.HttpErrorMiddleware',
 'scrapy.spidermiddlewares.offsite.OffsiteMiddleware',
 'hotspot_crawler.middlewares.HotspotCrawlerSpiderMiddleware',
 'scrapy.spidermiddlewares.referer.RefererMiddleware',
 'scrapy.spidermiddlewares.urllength.UrlLengthMiddleware',
 'scrapy.spidermiddlewares.depth.DepthMiddleware']
2020-06-30 19:35:44 [scrapy.middleware] INFO: Enabled item pipelines:
['hotspot_crawler.pipelines.JSONWithEncodingPipeline']
2020-06-30 19:35:44 [scrapy.core.engine] INFO: Spider opened
2020-06-30 19:35:44 [scrapy.extensions.logstats] INFO: Crawled 0 pages (at 0 pages/min), scraped 0 items (at 0 items/min)
2020-06-30 19:35:44 [FengHuangHotspot] INFO: Spider opened: FengHuangHotspot
2020-06-30 19:35:44 [FengHuangHotspot] INFO: Spider opened: FengHuangHotspot
2020-06-30 19:35:44 [scrapy.extensions.telnet] INFO: Telnet console listening on 127.0.0.1:6023
2020-06-30 19:35:44 [scrapy.crawler] INFO: Overridden settings:
{'AUTOTHROTTLE_ENABLED': True,
 'BOT_NAME': 'hotspot_crawler',
 'CONCURRENT_REQUESTS': 32,
 'COOKIES_ENABLED': False,
 'FEED_EXPORT_ENCODING': 'utf-8',
 'LOG_FILE': './hotspot_crawler/log/20200630_193543.log',
 'NEWSPIDER_MODULE': 'hotspot_crawler.spiders',
 'SPIDER_MODULES': ['hotspot_crawler.spiders.TencentHotspot',
                    'hotspot_crawler.spiders.SohuHotspot',
                    'hotspot_crawler.spiders.XinhuaHotspot',
                    'hotspot_crawler.spiders.HuanqiuHotspot',
                    'hotspot_crawler.spiders.BaiduHotspot',
                    'hotspot_crawler.spiders.FengHuangHotspot',
                    'hotspot_crawler.spiders.SinaHotspot']}
2020-06-30 19:35:44 [scrapy.extensions.telnet] INFO: Telnet Password: 9b82c16635ed788e
2020-06-30 19:35:44 [scrapy.middleware] INFO: Enabled extensions:
['scrapy.extensions.corestats.CoreStats',
 'scrapy.extensions.telnet.TelnetConsole',
 'scrapy.extensions.logstats.LogStats',
 'scrapy.extensions.throttle.AutoThrottle']
2020-06-30 19:35:44 [scrapy.middleware] INFO: Enabled downloader middlewares:
['scrapy.downloadermiddlewares.httpauth.HttpAuthMiddleware',
 'scrapy.downloadermiddlewares.downloadtimeout.DownloadTimeoutMiddleware',
 'scrapy.downloadermiddlewares.defaultheaders.DefaultHeadersMiddleware',
 'scrapy.downloadermiddlewares.useragent.UserAgentMiddleware',
 'hotspot_crawler.middlewares.HotspotCrawlerDownloaderMiddleware',
 'scrapy.downloadermiddlewares.retry.RetryMiddleware',
 'scrapy.downloadermiddlewares.redirect.MetaRefreshMiddleware',
 'scrapy.downloadermiddlewares.httpcompression.HttpCompressionMiddleware',
 'scrapy.downloadermiddlewares.redirect.RedirectMiddleware',
 'hotspot_crawler.middlewares.UserAgentMiddleware',
 'scrapy.downloadermiddlewares.httpproxy.HttpProxyMiddleware',
 'scrapy.downloadermiddlewares.stats.DownloaderStats']
2020-06-30 19:35:44 [scrapy.middleware] INFO: Enabled spider middlewares:
['scrapy.spidermiddlewares.httperror.HttpErrorMiddleware',
 'scrapy.spidermiddlewares.offsite.OffsiteMiddleware',
 'hotspot_crawler.middlewares.HotspotCrawlerSpiderMiddleware',
 'scrapy.spidermiddlewares.referer.RefererMiddleware',
 'scrapy.spidermiddlewares.urllength.UrlLengthMiddleware',
 'scrapy.spidermiddlewares.depth.DepthMiddleware']
2020-06-30 19:35:44 [scrapy.middleware] INFO: Enabled item pipelines:
['hotspot_crawler.pipelines.JSONWithEncodingPipeline']
2020-06-30 19:35:44 [scrapy.core.engine] INFO: Spider opened
2020-06-30 19:35:44 [scrapy.extensions.logstats] INFO: Crawled 0 pages (at 0 pages/min), scraped 0 items (at 0 items/min)
2020-06-30 19:35:44 [SinaHotspot] INFO: Spider opened: SinaHotspot
2020-06-30 19:35:44 [SinaHotspot] INFO: Spider opened: SinaHotspot
2020-06-30 19:35:44 [scrapy.extensions.telnet] INFO: Telnet console listening on 127.0.0.1:6024
2020-06-30 19:35:44 [scrapy.crawler] INFO: Overridden settings:
{'AUTOTHROTTLE_ENABLED': True,
 'BOT_NAME': 'hotspot_crawler',
 'CONCURRENT_REQUESTS': 32,
 'COOKIES_ENABLED': False,
 'FEED_EXPORT_ENCODING': 'utf-8',
 'LOG_FILE': './hotspot_crawler/log/20200630_193543.log',
 'NEWSPIDER_MODULE': 'hotspot_crawler.spiders',
 'SPIDER_MODULES': ['hotspot_crawler.spiders.TencentHotspot',
                    'hotspot_crawler.spiders.SohuHotspot',
                    'hotspot_crawler.spiders.XinhuaHotspot',
                    'hotspot_crawler.spiders.HuanqiuHotspot',
                    'hotspot_crawler.spiders.BaiduHotspot',
                    'hotspot_crawler.spiders.FengHuangHotspot',
                    'hotspot_crawler.spiders.SinaHotspot']}
2020-06-30 19:35:44 [scrapy.extensions.telnet] INFO: Telnet Password: 0802887006752bc9
2020-06-30 19:35:44 [scrapy.middleware] INFO: Enabled extensions:
['scrapy.extensions.corestats.CoreStats',
 'scrapy.extensions.telnet.TelnetConsole',
 'scrapy.extensions.logstats.LogStats',
 'scrapy.extensions.throttle.AutoThrottle']
2020-06-30 19:35:44 [scrapy.middleware] INFO: Enabled downloader middlewares:
['scrapy.downloadermiddlewares.httpauth.HttpAuthMiddleware',
 'scrapy.downloadermiddlewares.downloadtimeout.DownloadTimeoutMiddleware',
 'scrapy.downloadermiddlewares.defaultheaders.DefaultHeadersMiddleware',
 'scrapy.downloadermiddlewares.useragent.UserAgentMiddleware',
 'hotspot_crawler.middlewares.HotspotCrawlerDownloaderMiddleware',
 'scrapy.downloadermiddlewares.retry.RetryMiddleware',
 'scrapy.downloadermiddlewares.redirect.MetaRefreshMiddleware',
 'scrapy.downloadermiddlewares.httpcompression.HttpCompressionMiddleware',
 'scrapy.downloadermiddlewares.redirect.RedirectMiddleware',
 'hotspot_crawler.middlewares.UserAgentMiddleware',
 'scrapy.downloadermiddlewares.httpproxy.HttpProxyMiddleware',
 'scrapy.downloadermiddlewares.stats.DownloaderStats']
2020-06-30 19:35:44 [scrapy.middleware] INFO: Enabled spider middlewares:
['scrapy.spidermiddlewares.httperror.HttpErrorMiddleware',
 'scrapy.spidermiddlewares.offsite.OffsiteMiddleware',
 'hotspot_crawler.middlewares.HotspotCrawlerSpiderMiddleware',
 'scrapy.spidermiddlewares.referer.RefererMiddleware',
 'scrapy.spidermiddlewares.urllength.UrlLengthMiddleware',
 'scrapy.spidermiddlewares.depth.DepthMiddleware']
2020-06-30 19:35:44 [scrapy.middleware] INFO: Enabled item pipelines:
['hotspot_crawler.pipelines.JSONWithEncodingPipeline']
2020-06-30 19:35:44 [scrapy.core.engine] INFO: Spider opened
2020-06-30 19:35:44 [scrapy.extensions.logstats] INFO: Crawled 0 pages (at 0 pages/min), scraped 0 items (at 0 items/min)
2020-06-30 19:35:44 [SohuHotspot] INFO: Spider opened: SohuHotspot
2020-06-30 19:35:44 [SohuHotspot] INFO: Spider opened: SohuHotspot
2020-06-30 19:35:44 [scrapy.extensions.telnet] INFO: Telnet console listening on 127.0.0.1:6025
2020-06-30 19:35:44 [scrapy.crawler] INFO: Overridden settings:
{'AUTOTHROTTLE_ENABLED': True,
 'BOT_NAME': 'hotspot_crawler',
 'CONCURRENT_REQUESTS': 32,
 'COOKIES_ENABLED': False,
 'FEED_EXPORT_ENCODING': 'utf-8',
 'LOG_FILE': './hotspot_crawler/log/20200630_193543.log',
 'NEWSPIDER_MODULE': 'hotspot_crawler.spiders',
 'SPIDER_MODULES': ['hotspot_crawler.spiders.TencentHotspot',
                    'hotspot_crawler.spiders.SohuHotspot',
                    'hotspot_crawler.spiders.XinhuaHotspot',
                    'hotspot_crawler.spiders.HuanqiuHotspot',
                    'hotspot_crawler.spiders.BaiduHotspot',
                    'hotspot_crawler.spiders.FengHuangHotspot',
                    'hotspot_crawler.spiders.SinaHotspot']}
2020-06-30 19:35:44 [scrapy.extensions.telnet] INFO: Telnet Password: a1391f49a3b7d713
2020-06-30 19:35:44 [scrapy.middleware] INFO: Enabled extensions:
['scrapy.extensions.corestats.CoreStats',
 'scrapy.extensions.telnet.TelnetConsole',
 'scrapy.extensions.logstats.LogStats',
 'scrapy.extensions.throttle.AutoThrottle']
2020-06-30 19:35:44 [scrapy.middleware] INFO: Enabled downloader middlewares:
['scrapy.downloadermiddlewares.httpauth.HttpAuthMiddleware',
 'scrapy.downloadermiddlewares.downloadtimeout.DownloadTimeoutMiddleware',
 'scrapy.downloadermiddlewares.defaultheaders.DefaultHeadersMiddleware',
 'scrapy.downloadermiddlewares.useragent.UserAgentMiddleware',
 'hotspot_crawler.middlewares.HotspotCrawlerDownloaderMiddleware',
 'scrapy.downloadermiddlewares.retry.RetryMiddleware',
 'scrapy.downloadermiddlewares.redirect.MetaRefreshMiddleware',
 'scrapy.downloadermiddlewares.httpcompression.HttpCompressionMiddleware',
 'scrapy.downloadermiddlewares.redirect.RedirectMiddleware',
 'hotspot_crawler.middlewares.UserAgentMiddleware',
 'scrapy.downloadermiddlewares.httpproxy.HttpProxyMiddleware',
 'scrapy.downloadermiddlewares.stats.DownloaderStats']
2020-06-30 19:35:44 [scrapy.middleware] INFO: Enabled spider middlewares:
['scrapy.spidermiddlewares.httperror.HttpErrorMiddleware',
 'scrapy.spidermiddlewares.offsite.OffsiteMiddleware',
 'hotspot_crawler.middlewares.HotspotCrawlerSpiderMiddleware',
 'scrapy.spidermiddlewares.referer.RefererMiddleware',
 'scrapy.spidermiddlewares.urllength.UrlLengthMiddleware',
 'scrapy.spidermiddlewares.depth.DepthMiddleware']
2020-06-30 19:35:44 [scrapy.middleware] INFO: Enabled item pipelines:
['hotspot_crawler.pipelines.JSONWithEncodingPipeline']
2020-06-30 19:35:44 [scrapy.core.engine] INFO: Spider opened
2020-06-30 19:35:44 [scrapy.extensions.logstats] INFO: Crawled 0 pages (at 0 pages/min), scraped 0 items (at 0 items/min)
2020-06-30 19:35:44 [TencentHotspot] INFO: Spider opened: TencentHotspot
2020-06-30 19:35:44 [TencentHotspot] INFO: Spider opened: TencentHotspot
2020-06-30 19:35:44 [scrapy.extensions.telnet] INFO: Telnet console listening on 127.0.0.1:6026
2020-06-30 19:35:44 [scrapy.crawler] INFO: Overridden settings:
{'AUTOTHROTTLE_ENABLED': True,
 'BOT_NAME': 'hotspot_crawler',
 'CONCURRENT_REQUESTS': 32,
 'COOKIES_ENABLED': False,
 'FEED_EXPORT_ENCODING': 'utf-8',
 'LOG_FILE': './hotspot_crawler/log/20200630_193543.log',
 'NEWSPIDER_MODULE': 'hotspot_crawler.spiders',
 'SPIDER_MODULES': ['hotspot_crawler.spiders.TencentHotspot',
                    'hotspot_crawler.spiders.SohuHotspot',
                    'hotspot_crawler.spiders.XinhuaHotspot',
                    'hotspot_crawler.spiders.HuanqiuHotspot',
                    'hotspot_crawler.spiders.BaiduHotspot',
                    'hotspot_crawler.spiders.FengHuangHotspot',
                    'hotspot_crawler.spiders.SinaHotspot']}
2020-06-30 19:35:44 [scrapy.extensions.telnet] INFO: Telnet Password: 289577ae371d9050
2020-06-30 19:35:44 [scrapy.middleware] INFO: Enabled extensions:
['scrapy.extensions.corestats.CoreStats',
 'scrapy.extensions.telnet.TelnetConsole',
 'scrapy.extensions.logstats.LogStats',
 'scrapy.extensions.throttle.AutoThrottle']
2020-06-30 19:35:44 [scrapy.middleware] INFO: Enabled downloader middlewares:
['scrapy.downloadermiddlewares.httpauth.HttpAuthMiddleware',
 'scrapy.downloadermiddlewares.downloadtimeout.DownloadTimeoutMiddleware',
 'scrapy.downloadermiddlewares.defaultheaders.DefaultHeadersMiddleware',
 'scrapy.downloadermiddlewares.useragent.UserAgentMiddleware',
 'hotspot_crawler.middlewares.HotspotCrawlerDownloaderMiddleware',
 'scrapy.downloadermiddlewares.retry.RetryMiddleware',
 'scrapy.downloadermiddlewares.redirect.MetaRefreshMiddleware',
 'scrapy.downloadermiddlewares.httpcompression.HttpCompressionMiddleware',
 'scrapy.downloadermiddlewares.redirect.RedirectMiddleware',
 'hotspot_crawler.middlewares.UserAgentMiddleware',
 'scrapy.downloadermiddlewares.httpproxy.HttpProxyMiddleware',
 'scrapy.downloadermiddlewares.stats.DownloaderStats']
2020-06-30 19:35:44 [scrapy.middleware] INFO: Enabled spider middlewares:
['scrapy.spidermiddlewares.httperror.HttpErrorMiddleware',
 'scrapy.spidermiddlewares.offsite.OffsiteMiddleware',
 'hotspot_crawler.middlewares.HotspotCrawlerSpiderMiddleware',
 'scrapy.spidermiddlewares.referer.RefererMiddleware',
 'scrapy.spidermiddlewares.urllength.UrlLengthMiddleware',
 'scrapy.spidermiddlewares.depth.DepthMiddleware']
2020-06-30 19:35:44 [scrapy.middleware] INFO: Enabled item pipelines:
['hotspot_crawler.pipelines.JSONWithEncodingPipeline']
2020-06-30 19:35:44 [scrapy.core.engine] INFO: Spider opened
2020-06-30 19:35:44 [scrapy.extensions.logstats] INFO: Crawled 0 pages (at 0 pages/min), scraped 0 items (at 0 items/min)
2020-06-30 19:35:44 [XinhuaHotspot] INFO: Spider opened: XinhuaHotspot
2020-06-30 19:35:44 [XinhuaHotspot] INFO: Spider opened: XinhuaHotspot
2020-06-30 19:35:44 [scrapy.extensions.telnet] INFO: Telnet console listening on 127.0.0.1:6027
2020-06-30 19:35:44 [scrapy.core.engine] DEBUG: Crawled (200) <GET http://news.ifeng.com/> (referer: None)
2020-06-30 19:35:45 [scrapy.core.engine] DEBUG: Crawled (200) <GET http://news.sohu.com/> (referer: None)
2020-06-30 19:35:45 [scrapy.core.engine] DEBUG: Crawled (200) <GET https://news.sina.com.cn/> (referer: None)
2020-06-30 19:35:45 [scrapy.core.engine] DEBUG: Crawled (200) <GET http://www.xinhuanet.com/> (referer: None)
2020-06-30 19:35:45 [scrapy.core.engine] DEBUG: Crawled (200) <GET https://pacaio.match.qq.com/irs/rcd?cid=137&token=d0f13d594edfc180f5bf6b845456f3ea&id=&ext=top&page=0&expIds=&callback=__jp1> (referer: None)
2020-06-30 19:35:46 [scrapy.core.engine] DEBUG: Crawled (200) <GET https://www.sohu.com/a/404910308_115479> (referer: http://news.sohu.com/)
2020-06-30 19:35:46 [scrapy.core.scraper] DEBUG: Scraped from <200 https://www.sohu.com/a/404910308_115479>
{'content': '原标题：日本右翼组织渔船赴钓鱼岛，又被我海警追击约四小时（文/观察者网郭光昊）截至6月29日，中国海警已经连续77天在钓鱼岛附近海域巡航，再次刷新了自2012年9月日本单方面将钓鱼岛“国有化”以来的记录。近期，中方加大了在钓鱼岛附近海域巡航的力度和强度，再次以实际行动表明“钓鱼岛属于中国”。去年5月，曾有日本地方议员赴钓鱼岛海域“捕鱼”，被中国海警追击。类似情况今年再次发生：6月21日，日本两艘渔船在钓鱼岛附近海域“捕鱼”，返航时被四艘中国海警船包夹、跟踪了4个多小时。日方本次出海并不是单纯的经济活动，而是明白无误的政治宣示和挑衅。本次出海的两艘渔船均参加了八重山渔协：一艘为当地渔船“惠美丸”，另一艘是“日本文化频道-樱”名下的“第一樱丸”。“日本文化频道-樱”这家公司目前在各大视频网站上运营名为“樱频道”的账号，日常发布大量政治立场极端保守的视频节目，与日本保守派政客过从甚密。石垣市议会当时已确定将在22日表决议案，更改钓鱼岛所在行政区名称。“樱频道”社长水岛总19日毫不掩饰本次“捕鱼”的政治目的就是为了配合石垣市的行动：“（出海捕鱼）将成为日本实效支配钓鱼岛的重要证明。”本次行动他们也用视频全程记录，意图抢占舆论制高点。行动也如此前一样得到了石垣当地媒体《八重山日报》的跟踪报道。《八重山日报》报道，两艘渔船在6月20日晚8点多接受了日本海保临检，九点半左右驶离了石垣岛的登野城渔港。石垣岛距离钓鱼岛约170千米，渔船开了一夜，21日清晨抵达钓鱼岛南侧海域。《八重山日报》称，渔船抵达时，四艘中国公务船已在附近海域待命。捕鱼时，渔船附近有10艘以上日本海保船。“樱频道”自称，在他们准备返回时，四艘中国海警船以两艘为一组，呈左右包夹的态势跟踪驱逐日本渔船四个多小时。期间，日本海保船就近保护渔船，在二者之间航行。从视频画面中可以识别，在场的中国海警船包括4000吨级的海警2502、3000吨级的海警1304和海警2302。而在场的日本海保船包括1000吨级中型海保船“天城”（PL67）、“伊是名”（PL90）和180吨级小型海保船PS34、PS36等。两艘渔船最后于6月22日返回石垣岛。而中国海警船随后返回钓鱼岛附近海域，22日当天在钓鱼岛领海内巡航。共同社援引海保消息称，在钓鱼岛领海内巡航约四个小时。6月25日，一些自民党保守派议员和“樱频道”在东京的众议院第二议员会馆还举行了记者发布会，要求日本政府采取更“积极”的措施。会上除了展示渔获，还播放了约10分钟的记录视频。我外交部发言人赵立坚22日就钓鱼岛问题再次表达了中方立场：钓鱼岛及其附属岛屿是中国固有领土，中方维护领土主权的决心和意志坚定不移。日方通过所谓“更名”议案，是对中国领土主权的严重挑衅，是非法的、无效的，不能改变钓鱼岛属于中国的事实，我们对日方有关行径坚决反对。中方已通过外交渠道向日方提出严正交涉，并保留做出进一步反应的权利。',
 'publish_time': '2020.06.30 15:16:00',
 'title': '日本右翼组织渔船赴钓鱼岛，又被我海警追击约四小时',
 'url': 'https://www.sohu.com/a/404910308_115479'}
2020-06-30 19:35:46 [scrapy.core.engine] DEBUG: Crawled (200) <GET https://mil.news.sina.com.cn/jssd/2020-06-30/doc-iircuyvk1168395.shtml> (referer: https://news.sina.com.cn/)
2020-06-30 19:35:46 [scrapy.core.scraper] DEBUG: Scraped from <200 https://mil.news.sina.com.cn/jssd/2020-06-30/doc-iircuyvk1168395.shtml>
{'content': '据印度《亚洲国际新闻》6月27日报道，印度军队已将防空导弹系统部署至拉达克东部地区。新闻并未明确指出是何种导弹，但结合印军目前装备现状来看，很有可能就是其自研的“天空”导弹（音译为“阿卡什”）。这款“天空”导弹是印度自主研制的第一款防空导弹，印度国内对这款导弹一直寄予厚望，将其和“烈火”导弹、“光辉”战斗机、“阿琼”坦克一同当成是“印度国防工业之光”，但是如果上述其他项目一样，“天空”导弹的研制过程也是漫长而艰辛，项目开始于1983年，但一直到2012年，才正式进入印度军中服役。图注：印度“天空”防空导弹系统“天空”导弹的原型脱胎于前苏联时期的SA-6/2K12Kub防空导弹，在研制过程中，印度军工部门也借鉴了美国爱国者导弹和俄罗斯S-300导弹等新一代防空导弹系统的先进设计，“天空”导弹重720公斤，弹长7.5米、弹径400毫米，最大作战距离30千米，作战高度25千米；导弹采用冲压-固体火箭组合发动机，最大马赫数3；采用破片杀伤式战斗部和近炸引信，采用半主动雷达引导+主动雷达寻的的制导方式，火控系统使用印度自行研制的拉贾德拉三坐标火控相控阵雷达，具有对付多目标能力，不过其探测距离仅有60-100千米，只能跟踪64个目标制导12枚导弹。一套“天空”导弹系统由导弹发射车、指挥车和相控阵雷达车组成，可采用多种模式部署。单一部署可以同时打击四个目标，也可同时对一个目标发射3枚导弹。群部署方式下可将8个单一系统整合成一套系统，增加了拦截概率。陆军对该导弹的要求是，拦截距离应该为24~24千米，单发拦截概率不低于80%，印度媒体声称，导弹命中率可达到98%，但这个数据一看就是吹嘘的结果，此前曾经屡次爆出印军对这款导弹不满意的消息，印军发现这款“天空”导弹的速度较慢，机动性不足，且整个系统的反应时间更长，雷达也无法实现360°全覆盖，而且这款导弹的价格也不便宜，印度空军共采购了8个中队的“天空”导弹，合同总价值9.25亿美元，而印度陆军则采购了2个团总计约2000枚导弹，合同总价值高达31亿美元。因此，虽然被印度国内寄予厚望，这款导弹也在某种程度上沦为“鸡肋”，替换印军老旧的SA-6导弹尚可，同世界先进中近程野战防空导弹相比，还有很大的差距。因此，不过，值得警惕的是，印度也并非没有后招，近年来，它们积极寻求与国外军事技术合作，比如，它们同以色列合作，研制了一款新型中程防空导弹系统（MR-SAM）。MR-SAM系统使用巴拉克-8导弹，导弹质量275千克，拥有一个60千克的弹头和一台双脉冲固体火箭发动机，最大速度2马赫最大射程70千米。MR-SAM系统使用有源相控阵火控雷达，具备360度全向覆盖的探测能力，导弹使用主动雷达制导和双向数据链，加上垂直发射系统的使用，具有很强的多目标交战能力。目前，该型导弹已经完成研制并批量生产交付印度军方，它将构成印度未来中程防空导弹系统的支柱。图注：印度和以色列联合研制的中程防空导弹系统（MR-SAM）此外，印军在2018年的时候，还斥资10亿美元，向美国采购了NASAMS防空导弹系统，NASAMS-2防空导弹源自1989年起为挪威空军研制的“挪威先进防空导弹系统”，它的主要理念是采用轻型车载发射装置发射，将空空导弹改装为防空导弹，结合成为一种高机动性的野战中近程、中低空防空导弹系统。此后美国雷神公司参与进来，对NASAMS进行改进提升，换装了新型雷达，并采用新型拦截弹以提升防空系统射程，最终开发出NASAMS-2防空导弹系统。NASAMS-2系统具有四个特点：一是所有备弹均可齐射，各枚导弹可以攻击预定的各个目标或集中攻击一个目标；二是各发射系统可以在指挥中心25千米之外分散部署，可360°转动，能够攻击任意方向入侵的目标，以延伸系统的火力打击范围；三是系统的软、硬件均适用于机场或雷达站进行野战部署；四是具有“俯视、俯攻”功能，可部署在山头上对低空突袭的飞机或直升机进行攻击，具有强大的防空能力。NASAMS-2防空导弹系统的另一个特点是可以兼容发射多种由空空导弹改装而成的各型拦截弹，比如AIM-9“响尾蛇”、先进“海麻雀”等，它主要发射的是加长加粗固体燃料装药的AIM-120C“阿姆拉姆”中程空空导弹，而2019年，美军为了进一步延伸其射程，为其改装了AIM-120ER增程型拦截弹。这些拦截弹，都有可能装配给印度军方购买的NASAMS-2防空导弹。图注：印度从美国采购价值10亿美元的国家先进防空导弹系统（NASAMS-II）除了中近程防空导弹之外，2019年，印度还宣布从俄罗斯订购了5个营的S400远程防空导弹系统，合同的总价值达到60亿美元，是俄罗斯有史以来签订的最大一笔防空导弹出口合同。按照原计划印度将在2021年底前获得这5个营的S400防空导弹系统，近日，印度防长杰纳特·辛格访问俄罗斯，希望能提前交付，但是遭到俄方拒绝。图注：印度催促俄方提前交付S400防空导弹，但是遭到俄方无情的拒绝综合来看，印度从国外斥巨资购买的防空导弹，在性能上无疑要比自研的“天空”导弹强大很多，一旦印度将它们部署到中印边境地区，确实会给中国空军在该区域的活动带来不小的压力，但是也丝毫无法动摇中国军队捍卫国家领土完整和主权利益的信心和决心。',
 'publish_time': '2020.06.30 11:48:00',
 'title': '印军在中印边境部署防空导弹性能差到连自己都嫌弃',
 'url': 'https://mil.news.sina.com.cn/jssd/2020-06-30/doc-iircuyvk1168395.shtml'}
2020-06-30 19:35:46 [scrapy.dupefilters] DEBUG: Filtered duplicate request: <GET https://mil.news.sina.com.cn/jssd/2020-06-30/doc-iircuyvk1168395.shtml> - no more duplicates will be shown (see DUPEFILTER_DEBUG to show all duplicates)
