2020-06-30 20:13:08 [scrapy.utils.log] INFO: Scrapy 2.1.0 started (bot: hotspot_crawler)
2020-06-30 20:13:08 [scrapy.utils.log] INFO: Versions: lxml 4.5.1.0, libxml2 2.9.10, cssselect 1.1.0, parsel 1.6.0, w3lib 1.22.0, Twisted 20.3.0, Python 3.7.6 | packaged by conda-forge | (default, Mar 23 2020, 22:22:21) [MSC v.1916 64 bit (AMD64)], pyOpenSSL 19.1.0 (OpenSSL 1.1.1g  21 Apr 2020), cryptography 2.8, Platform Windows-10-10.0.18362-SP0
2020-06-30 20:13:08 [scrapy.utils.log] DEBUG: Using reactor: twisted.internet.selectreactor.SelectReactor
2020-06-30 20:13:08 [scrapy.crawler] INFO: Overridden settings:
{'AUTOTHROTTLE_ENABLED': True,
 'BOT_NAME': 'hotspot_crawler',
 'CONCURRENT_REQUESTS': 32,
 'COOKIES_ENABLED': False,
 'FEED_EXPORT_ENCODING': 'utf-8',
 'LOG_FILE': './hotspot_crawler/log/20200630_201308.log',
 'NEWSPIDER_MODULE': 'hotspot_crawler.spiders',
 'SPIDER_MODULES': ['hotspot_crawler.spiders.TencentHotspot',
                    'hotspot_crawler.spiders.SohuHotspot',
                    'hotspot_crawler.spiders.XinhuaHotspot',
                    'hotspot_crawler.spiders.HuanqiuHotspot',
                    'hotspot_crawler.spiders.BaiduHotspot',
                    'hotspot_crawler.spiders.FengHuangHotspot',
                    'hotspot_crawler.spiders.SinaHotspot']}
2020-06-30 20:13:08 [scrapy.extensions.telnet] INFO: Telnet Password: 5068e9e309cba28a
2020-06-30 20:13:08 [scrapy.middleware] INFO: Enabled extensions:
['scrapy.extensions.corestats.CoreStats',
 'scrapy.extensions.telnet.TelnetConsole',
 'scrapy.extensions.logstats.LogStats',
 'scrapy.extensions.throttle.AutoThrottle']
2020-06-30 20:13:08 [scrapy.middleware] INFO: Enabled downloader middlewares:
['scrapy.downloadermiddlewares.httpauth.HttpAuthMiddleware',
 'scrapy.downloadermiddlewares.downloadtimeout.DownloadTimeoutMiddleware',
 'scrapy.downloadermiddlewares.defaultheaders.DefaultHeadersMiddleware',
 'scrapy.downloadermiddlewares.useragent.UserAgentMiddleware',
 'hotspot_crawler.middlewares.HotspotCrawlerDownloaderMiddleware',
 'scrapy.downloadermiddlewares.retry.RetryMiddleware',
 'scrapy.downloadermiddlewares.redirect.MetaRefreshMiddleware',
 'scrapy.downloadermiddlewares.httpcompression.HttpCompressionMiddleware',
 'scrapy.downloadermiddlewares.redirect.RedirectMiddleware',
 'hotspot_crawler.middlewares.UserAgentMiddleware',
 'scrapy.downloadermiddlewares.httpproxy.HttpProxyMiddleware',
 'scrapy.downloadermiddlewares.stats.DownloaderStats']
2020-06-30 20:13:08 [scrapy.middleware] INFO: Enabled spider middlewares:
['scrapy.spidermiddlewares.httperror.HttpErrorMiddleware',
 'scrapy.spidermiddlewares.offsite.OffsiteMiddleware',
 'hotspot_crawler.middlewares.HotspotCrawlerSpiderMiddleware',
 'scrapy.spidermiddlewares.referer.RefererMiddleware',
 'scrapy.spidermiddlewares.urllength.UrlLengthMiddleware',
 'scrapy.spidermiddlewares.depth.DepthMiddleware']
2020-06-30 20:13:08 [scrapy.middleware] INFO: Enabled item pipelines:
['hotspot_crawler.pipelines.JSONWithEncodingPipeline']
2020-06-30 20:13:08 [scrapy.core.engine] INFO: Spider opened
2020-06-30 20:13:08 [scrapy.extensions.logstats] INFO: Crawled 0 pages (at 0 pages/min), scraped 0 items (at 0 items/min)
2020-06-30 20:13:08 [FengHuangHotspot] INFO: Spider opened: FengHuangHotspot
2020-06-30 20:13:08 [FengHuangHotspot] INFO: Spider opened: FengHuangHotspot
2020-06-30 20:13:08 [scrapy.extensions.telnet] INFO: Telnet console listening on 127.0.0.1:6023
2020-06-30 20:13:08 [scrapy.crawler] INFO: Overridden settings:
{'AUTOTHROTTLE_ENABLED': True,
 'BOT_NAME': 'hotspot_crawler',
 'CONCURRENT_REQUESTS': 32,
 'COOKIES_ENABLED': False,
 'FEED_EXPORT_ENCODING': 'utf-8',
 'LOG_FILE': './hotspot_crawler/log/20200630_201308.log',
 'NEWSPIDER_MODULE': 'hotspot_crawler.spiders',
 'SPIDER_MODULES': ['hotspot_crawler.spiders.TencentHotspot',
                    'hotspot_crawler.spiders.SohuHotspot',
                    'hotspot_crawler.spiders.XinhuaHotspot',
                    'hotspot_crawler.spiders.HuanqiuHotspot',
                    'hotspot_crawler.spiders.BaiduHotspot',
                    'hotspot_crawler.spiders.FengHuangHotspot',
                    'hotspot_crawler.spiders.SinaHotspot']}
2020-06-30 20:13:08 [scrapy.extensions.telnet] INFO: Telnet Password: d08fe75ef1bd82a4
2020-06-30 20:13:08 [scrapy.middleware] INFO: Enabled extensions:
['scrapy.extensions.corestats.CoreStats',
 'scrapy.extensions.telnet.TelnetConsole',
 'scrapy.extensions.logstats.LogStats',
 'scrapy.extensions.throttle.AutoThrottle']
2020-06-30 20:13:08 [scrapy.middleware] INFO: Enabled downloader middlewares:
['scrapy.downloadermiddlewares.httpauth.HttpAuthMiddleware',
 'scrapy.downloadermiddlewares.downloadtimeout.DownloadTimeoutMiddleware',
 'scrapy.downloadermiddlewares.defaultheaders.DefaultHeadersMiddleware',
 'scrapy.downloadermiddlewares.useragent.UserAgentMiddleware',
 'hotspot_crawler.middlewares.HotspotCrawlerDownloaderMiddleware',
 'scrapy.downloadermiddlewares.retry.RetryMiddleware',
 'scrapy.downloadermiddlewares.redirect.MetaRefreshMiddleware',
 'scrapy.downloadermiddlewares.httpcompression.HttpCompressionMiddleware',
 'scrapy.downloadermiddlewares.redirect.RedirectMiddleware',
 'hotspot_crawler.middlewares.UserAgentMiddleware',
 'scrapy.downloadermiddlewares.httpproxy.HttpProxyMiddleware',
 'scrapy.downloadermiddlewares.stats.DownloaderStats']
2020-06-30 20:13:08 [scrapy.middleware] INFO: Enabled spider middlewares:
['scrapy.spidermiddlewares.httperror.HttpErrorMiddleware',
 'scrapy.spidermiddlewares.offsite.OffsiteMiddleware',
 'hotspot_crawler.middlewares.HotspotCrawlerSpiderMiddleware',
 'scrapy.spidermiddlewares.referer.RefererMiddleware',
 'scrapy.spidermiddlewares.urllength.UrlLengthMiddleware',
 'scrapy.spidermiddlewares.depth.DepthMiddleware']
2020-06-30 20:13:09 [scrapy.middleware] INFO: Enabled item pipelines:
['hotspot_crawler.pipelines.JSONWithEncodingPipeline']
2020-06-30 20:13:09 [scrapy.core.engine] INFO: Spider opened
2020-06-30 20:13:09 [scrapy.extensions.logstats] INFO: Crawled 0 pages (at 0 pages/min), scraped 0 items (at 0 items/min)
2020-06-30 20:13:09 [SinaHotspot] INFO: Spider opened: SinaHotspot
2020-06-30 20:13:09 [SinaHotspot] INFO: Spider opened: SinaHotspot
2020-06-30 20:13:09 [scrapy.extensions.telnet] INFO: Telnet console listening on 127.0.0.1:6024
2020-06-30 20:13:09 [scrapy.crawler] INFO: Overridden settings:
{'AUTOTHROTTLE_ENABLED': True,
 'BOT_NAME': 'hotspot_crawler',
 'CONCURRENT_REQUESTS': 32,
 'COOKIES_ENABLED': False,
 'FEED_EXPORT_ENCODING': 'utf-8',
 'LOG_FILE': './hotspot_crawler/log/20200630_201308.log',
 'NEWSPIDER_MODULE': 'hotspot_crawler.spiders',
 'SPIDER_MODULES': ['hotspot_crawler.spiders.TencentHotspot',
                    'hotspot_crawler.spiders.SohuHotspot',
                    'hotspot_crawler.spiders.XinhuaHotspot',
                    'hotspot_crawler.spiders.HuanqiuHotspot',
                    'hotspot_crawler.spiders.BaiduHotspot',
                    'hotspot_crawler.spiders.FengHuangHotspot',
                    'hotspot_crawler.spiders.SinaHotspot']}
2020-06-30 20:13:09 [scrapy.extensions.telnet] INFO: Telnet Password: d8aad92811be90ed
2020-06-30 20:13:09 [scrapy.middleware] INFO: Enabled extensions:
['scrapy.extensions.corestats.CoreStats',
 'scrapy.extensions.telnet.TelnetConsole',
 'scrapy.extensions.logstats.LogStats',
 'scrapy.extensions.throttle.AutoThrottle']
2020-06-30 20:13:09 [scrapy.middleware] INFO: Enabled downloader middlewares:
['scrapy.downloadermiddlewares.httpauth.HttpAuthMiddleware',
 'scrapy.downloadermiddlewares.downloadtimeout.DownloadTimeoutMiddleware',
 'scrapy.downloadermiddlewares.defaultheaders.DefaultHeadersMiddleware',
 'scrapy.downloadermiddlewares.useragent.UserAgentMiddleware',
 'hotspot_crawler.middlewares.HotspotCrawlerDownloaderMiddleware',
 'scrapy.downloadermiddlewares.retry.RetryMiddleware',
 'scrapy.downloadermiddlewares.redirect.MetaRefreshMiddleware',
 'scrapy.downloadermiddlewares.httpcompression.HttpCompressionMiddleware',
 'scrapy.downloadermiddlewares.redirect.RedirectMiddleware',
 'hotspot_crawler.middlewares.UserAgentMiddleware',
 'scrapy.downloadermiddlewares.httpproxy.HttpProxyMiddleware',
 'scrapy.downloadermiddlewares.stats.DownloaderStats']
2020-06-30 20:13:09 [scrapy.middleware] INFO: Enabled spider middlewares:
['scrapy.spidermiddlewares.httperror.HttpErrorMiddleware',
 'scrapy.spidermiddlewares.offsite.OffsiteMiddleware',
 'hotspot_crawler.middlewares.HotspotCrawlerSpiderMiddleware',
 'scrapy.spidermiddlewares.referer.RefererMiddleware',
 'scrapy.spidermiddlewares.urllength.UrlLengthMiddleware',
 'scrapy.spidermiddlewares.depth.DepthMiddleware']
2020-06-30 20:13:09 [scrapy.middleware] INFO: Enabled item pipelines:
['hotspot_crawler.pipelines.JSONWithEncodingPipeline']
2020-06-30 20:13:09 [scrapy.core.engine] INFO: Spider opened
2020-06-30 20:13:09 [scrapy.extensions.logstats] INFO: Crawled 0 pages (at 0 pages/min), scraped 0 items (at 0 items/min)
2020-06-30 20:13:09 [SohuHotspot] INFO: Spider opened: SohuHotspot
2020-06-30 20:13:09 [SohuHotspot] INFO: Spider opened: SohuHotspot
2020-06-30 20:13:09 [scrapy.extensions.telnet] INFO: Telnet console listening on 127.0.0.1:6025
2020-06-30 20:13:09 [scrapy.crawler] INFO: Overridden settings:
{'AUTOTHROTTLE_ENABLED': True,
 'BOT_NAME': 'hotspot_crawler',
 'CONCURRENT_REQUESTS': 32,
 'COOKIES_ENABLED': False,
 'FEED_EXPORT_ENCODING': 'utf-8',
 'LOG_FILE': './hotspot_crawler/log/20200630_201308.log',
 'NEWSPIDER_MODULE': 'hotspot_crawler.spiders',
 'SPIDER_MODULES': ['hotspot_crawler.spiders.TencentHotspot',
                    'hotspot_crawler.spiders.SohuHotspot',
                    'hotspot_crawler.spiders.XinhuaHotspot',
                    'hotspot_crawler.spiders.HuanqiuHotspot',
                    'hotspot_crawler.spiders.BaiduHotspot',
                    'hotspot_crawler.spiders.FengHuangHotspot',
                    'hotspot_crawler.spiders.SinaHotspot']}
2020-06-30 20:13:09 [scrapy.extensions.telnet] INFO: Telnet Password: 569261a071784b9f
2020-06-30 20:13:09 [scrapy.middleware] INFO: Enabled extensions:
['scrapy.extensions.corestats.CoreStats',
 'scrapy.extensions.telnet.TelnetConsole',
 'scrapy.extensions.logstats.LogStats',
 'scrapy.extensions.throttle.AutoThrottle']
2020-06-30 20:13:09 [scrapy.middleware] INFO: Enabled downloader middlewares:
['scrapy.downloadermiddlewares.httpauth.HttpAuthMiddleware',
 'scrapy.downloadermiddlewares.downloadtimeout.DownloadTimeoutMiddleware',
 'scrapy.downloadermiddlewares.defaultheaders.DefaultHeadersMiddleware',
 'scrapy.downloadermiddlewares.useragent.UserAgentMiddleware',
 'hotspot_crawler.middlewares.HotspotCrawlerDownloaderMiddleware',
 'scrapy.downloadermiddlewares.retry.RetryMiddleware',
 'scrapy.downloadermiddlewares.redirect.MetaRefreshMiddleware',
 'scrapy.downloadermiddlewares.httpcompression.HttpCompressionMiddleware',
 'scrapy.downloadermiddlewares.redirect.RedirectMiddleware',
 'hotspot_crawler.middlewares.UserAgentMiddleware',
 'scrapy.downloadermiddlewares.httpproxy.HttpProxyMiddleware',
 'scrapy.downloadermiddlewares.stats.DownloaderStats']
2020-06-30 20:13:09 [scrapy.middleware] INFO: Enabled spider middlewares:
['scrapy.spidermiddlewares.httperror.HttpErrorMiddleware',
 'scrapy.spidermiddlewares.offsite.OffsiteMiddleware',
 'hotspot_crawler.middlewares.HotspotCrawlerSpiderMiddleware',
 'scrapy.spidermiddlewares.referer.RefererMiddleware',
 'scrapy.spidermiddlewares.urllength.UrlLengthMiddleware',
 'scrapy.spidermiddlewares.depth.DepthMiddleware']
2020-06-30 20:13:09 [scrapy.middleware] INFO: Enabled item pipelines:
['hotspot_crawler.pipelines.JSONWithEncodingPipeline']
2020-06-30 20:13:09 [scrapy.core.engine] INFO: Spider opened
2020-06-30 20:13:09 [scrapy.extensions.logstats] INFO: Crawled 0 pages (at 0 pages/min), scraped 0 items (at 0 items/min)
2020-06-30 20:13:09 [TencentHotspot] INFO: Spider opened: TencentHotspot
2020-06-30 20:13:09 [TencentHotspot] INFO: Spider opened: TencentHotspot
2020-06-30 20:13:09 [scrapy.extensions.telnet] INFO: Telnet console listening on 127.0.0.1:6026
2020-06-30 20:13:09 [scrapy.crawler] INFO: Overridden settings:
{'AUTOTHROTTLE_ENABLED': True,
 'BOT_NAME': 'hotspot_crawler',
 'CONCURRENT_REQUESTS': 32,
 'COOKIES_ENABLED': False,
 'FEED_EXPORT_ENCODING': 'utf-8',
 'LOG_FILE': './hotspot_crawler/log/20200630_201308.log',
 'NEWSPIDER_MODULE': 'hotspot_crawler.spiders',
 'SPIDER_MODULES': ['hotspot_crawler.spiders.TencentHotspot',
                    'hotspot_crawler.spiders.SohuHotspot',
                    'hotspot_crawler.spiders.XinhuaHotspot',
                    'hotspot_crawler.spiders.HuanqiuHotspot',
                    'hotspot_crawler.spiders.BaiduHotspot',
                    'hotspot_crawler.spiders.FengHuangHotspot',
                    'hotspot_crawler.spiders.SinaHotspot']}
2020-06-30 20:13:09 [scrapy.extensions.telnet] INFO: Telnet Password: b09149320e038644
2020-06-30 20:13:09 [scrapy.middleware] INFO: Enabled extensions:
['scrapy.extensions.corestats.CoreStats',
 'scrapy.extensions.telnet.TelnetConsole',
 'scrapy.extensions.logstats.LogStats',
 'scrapy.extensions.throttle.AutoThrottle']
2020-06-30 20:13:09 [scrapy.middleware] INFO: Enabled downloader middlewares:
['scrapy.downloadermiddlewares.httpauth.HttpAuthMiddleware',
 'scrapy.downloadermiddlewares.downloadtimeout.DownloadTimeoutMiddleware',
 'scrapy.downloadermiddlewares.defaultheaders.DefaultHeadersMiddleware',
 'scrapy.downloadermiddlewares.useragent.UserAgentMiddleware',
 'hotspot_crawler.middlewares.HotspotCrawlerDownloaderMiddleware',
 'scrapy.downloadermiddlewares.retry.RetryMiddleware',
 'scrapy.downloadermiddlewares.redirect.MetaRefreshMiddleware',
 'scrapy.downloadermiddlewares.httpcompression.HttpCompressionMiddleware',
 'scrapy.downloadermiddlewares.redirect.RedirectMiddleware',
 'hotspot_crawler.middlewares.UserAgentMiddleware',
 'scrapy.downloadermiddlewares.httpproxy.HttpProxyMiddleware',
 'scrapy.downloadermiddlewares.stats.DownloaderStats']
2020-06-30 20:13:09 [scrapy.middleware] INFO: Enabled spider middlewares:
['scrapy.spidermiddlewares.httperror.HttpErrorMiddleware',
 'scrapy.spidermiddlewares.offsite.OffsiteMiddleware',
 'hotspot_crawler.middlewares.HotspotCrawlerSpiderMiddleware',
 'scrapy.spidermiddlewares.referer.RefererMiddleware',
 'scrapy.spidermiddlewares.urllength.UrlLengthMiddleware',
 'scrapy.spidermiddlewares.depth.DepthMiddleware']
2020-06-30 20:13:09 [scrapy.middleware] INFO: Enabled item pipelines:
['hotspot_crawler.pipelines.JSONWithEncodingPipeline']
2020-06-30 20:13:09 [scrapy.core.engine] INFO: Spider opened
2020-06-30 20:13:09 [scrapy.extensions.logstats] INFO: Crawled 0 pages (at 0 pages/min), scraped 0 items (at 0 items/min)
2020-06-30 20:13:09 [XinhuaHotspot] INFO: Spider opened: XinhuaHotspot
2020-06-30 20:13:09 [XinhuaHotspot] INFO: Spider opened: XinhuaHotspot
2020-06-30 20:13:09 [scrapy.extensions.telnet] INFO: Telnet console listening on 127.0.0.1:6027
2020-06-30 20:13:09 [scrapy.crawler] INFO: Overridden settings:
{'AUTOTHROTTLE_ENABLED': True,
 'BOT_NAME': 'hotspot_crawler',
 'CONCURRENT_REQUESTS': 32,
 'COOKIES_ENABLED': False,
 'FEED_EXPORT_ENCODING': 'utf-8',
 'LOG_FILE': './hotspot_crawler/log/20200630_201308.log',
 'NEWSPIDER_MODULE': 'hotspot_crawler.spiders',
 'SPIDER_MODULES': ['hotspot_crawler.spiders.TencentHotspot',
                    'hotspot_crawler.spiders.SohuHotspot',
                    'hotspot_crawler.spiders.XinhuaHotspot',
                    'hotspot_crawler.spiders.HuanqiuHotspot',
                    'hotspot_crawler.spiders.BaiduHotspot',
                    'hotspot_crawler.spiders.FengHuangHotspot',
                    'hotspot_crawler.spiders.SinaHotspot']}
2020-06-30 20:13:09 [scrapy.extensions.telnet] INFO: Telnet Password: 8e8758d6bd94c381
2020-06-30 20:13:09 [scrapy.middleware] INFO: Enabled extensions:
['scrapy.extensions.corestats.CoreStats',
 'scrapy.extensions.telnet.TelnetConsole',
 'scrapy.extensions.logstats.LogStats',
 'scrapy.extensions.throttle.AutoThrottle']
2020-06-30 20:13:09 [scrapy.middleware] INFO: Enabled downloader middlewares:
['scrapy.downloadermiddlewares.httpauth.HttpAuthMiddleware',
 'scrapy.downloadermiddlewares.downloadtimeout.DownloadTimeoutMiddleware',
 'scrapy.downloadermiddlewares.defaultheaders.DefaultHeadersMiddleware',
 'scrapy.downloadermiddlewares.useragent.UserAgentMiddleware',
 'hotspot_crawler.middlewares.HotspotCrawlerDownloaderMiddleware',
 'scrapy.downloadermiddlewares.retry.RetryMiddleware',
 'scrapy.downloadermiddlewares.redirect.MetaRefreshMiddleware',
 'scrapy.downloadermiddlewares.httpcompression.HttpCompressionMiddleware',
 'scrapy.downloadermiddlewares.redirect.RedirectMiddleware',
 'hotspot_crawler.middlewares.UserAgentMiddleware',
 'scrapy.downloadermiddlewares.httpproxy.HttpProxyMiddleware',
 'scrapy.downloadermiddlewares.stats.DownloaderStats']
2020-06-30 20:13:09 [scrapy.middleware] INFO: Enabled spider middlewares:
['scrapy.spidermiddlewares.httperror.HttpErrorMiddleware',
 'scrapy.spidermiddlewares.offsite.OffsiteMiddleware',
 'hotspot_crawler.middlewares.HotspotCrawlerSpiderMiddleware',
 'scrapy.spidermiddlewares.referer.RefererMiddleware',
 'scrapy.spidermiddlewares.urllength.UrlLengthMiddleware',
 'scrapy.spidermiddlewares.depth.DepthMiddleware']
2020-06-30 20:13:09 [scrapy.middleware] INFO: Enabled item pipelines:
['hotspot_crawler.pipelines.JSONWithEncodingPipeline']
2020-06-30 20:13:09 [scrapy.core.engine] INFO: Spider opened
2020-06-30 20:13:09 [scrapy.extensions.logstats] INFO: Crawled 0 pages (at 0 pages/min), scraped 0 items (at 0 items/min)
2020-06-30 20:13:09 [BaiduHotspot] INFO: Spider opened: BaiduHotspot
2020-06-30 20:13:09 [BaiduHotspot] INFO: Spider opened: BaiduHotspot
2020-06-30 20:13:09 [scrapy.extensions.telnet] INFO: Telnet console listening on 127.0.0.1:6028
2020-06-30 20:13:09 [scrapy.core.engine] DEBUG: Crawled (200) <GET http://news.ifeng.com/> (referer: None)
2020-06-30 20:13:09 [scrapy.core.engine] DEBUG: Crawled (200) <GET http://news.baidu.com/> (referer: None)
2020-06-30 20:13:09 [scrapy.core.engine] DEBUG: Crawled (200) <GET https://news.sina.com.cn/> (referer: None)
2020-06-30 20:13:09 [scrapy.core.engine] DEBUG: Crawled (200) <GET http://news.sohu.com/> (referer: None)
2020-06-30 20:13:09 [scrapy.core.engine] DEBUG: Crawled (200) <GET http://www.xinhuanet.com/> (referer: None)
2020-06-30 20:13:10 [scrapy.core.engine] DEBUG: Crawled (200) <GET http://baijiahao.baidu.com/s?id=1670914908167595360> (referer: http://news.baidu.com/)
2020-06-30 20:13:10 [scrapy.core.engine] DEBUG: Crawled (200) <GET https://pacaio.match.qq.com/irs/rcd?cid=137&token=d0f13d594edfc180f5bf6b845456f3ea&id=&ext=top&page=0&expIds=&callback=__jp1> (referer: None)
2020-06-30 20:13:10 [scrapy.core.scraper] DEBUG: Scraped from <200 http://baijiahao.baidu.com/s?id=1670914908167595360>
{'content': '病例1，男，61岁，住址为丰台区新村街道银地家园，新发地市场个体经营人员。6月13日由专车转运至集中隔离点进行集中医学观察。6月26日核酸检测结果为阳性。6月27日由120救护车转运至丰台中西医结合医院就诊，6月28日诊断为疑似病例，由120救护车转运至地坛医院，核酸检测结果为阳性，6月29日确诊，临床分型为普通型。病例2，男，49岁，住址为丰台区花乡(地区)经营者乐园，新发地市场个体经营人员。6月13日由专车转运至集中隔离点进行集中医学观察。6月26日核酸检测结果为阳性。6月27日由120救护车转运至丰台中西医结合医院就诊，6月28日诊断为疑似病例，由120救护车转运至地坛医院，核酸检测结果为阳性，6月29日确诊，临床分型为普通型。病例3，男，51岁，住址为丰台区花乡(地区)天骄俊园，新发地市场个体经营人员。6月13日由专车转运至集中隔离点进行集中医学观察，6月26日出现咳嗽、胸闷、胸痛等症状，6月27日由120救护车转运至丰台区南苑医院就诊，核酸检测结果为阳性，6月28日由120救护车转运至地坛医院，6月29日确诊，临床分型为普通型。病例4，男，64岁，住址为丰台区花乡(地区)乡新发地电商产业园南苑西路346号平房，新发地市场保洁员。6月13日由专车转运至集中隔离点进行集中医学观察，6月27日核酸检测结果为阳性，6月28日由120救护车转运至丰台中西医结合医院就诊，6月29日确诊，临床分型为普通型。病例5，男，63岁，住址为丰台区花乡(地区)乡新发地电商产业园南苑西路346号平房，新发地市场保洁员。6月13日由专车转运至集中隔离点进行集中医学观察，6月20日出现咳嗽等症状，未报告、未服药，6月27日核酸检测结果为阳性，6月28日由120救护车转运至丰台中西医结合医院就诊，6月29日确诊，临床分型为普通型。病例6，男，27岁，住址为丰台区花乡(地区)巴庄子，新发地市场个体经营人员。6月12日由专车转运至集中隔离点进行集中医学观察。6月26日出现发热、乏力等症状，6月27日由120救护车转运至丰台中西医结合医院就诊。当日由120救护车转运至地坛医院就诊，6月29日核酸检测结果为阳性，当日确诊，临床分型为普通型。病例7，女，70岁，住址为大兴区西红门(地区)镇星光巷7号保利达公寓，新发地市场个体经营人员。6月12日由专车转运至集中隔离点进行集中医学观察。6月27日出现发热等症状，由120救护车转运至丰台中西医结合医院就诊。6月28日由120救护车转运至地坛医院就诊，核酸检测结果为阳性，6月29日确诊，临床分型为普通型。病例1，女，31岁，住址为丰台区花乡(地区)经营者乐园，新发地市场个体经营人员。6月13日由专车转运至集中隔离点进行集中医学观察。6月26日核酸检测结果为阳性，6月27日由120救护车转运至丰台中西医结合医院就诊。6月28日确诊，临床分型为轻型。病例2，女，42岁，住址为丰台区花乡(地区)新发地国际名酒城，新发地市场个体经营人员。6月19日被确定为确诊病例的密切接触者，由专车转运至集中隔离点进行集中医学观察;6月27日核酸检测结果为阳性，由120救护车转运至丰台中西医结合医院就诊。6月28日确诊，临床分型为普通型。病例3，女，25岁，住址为丰台区花乡(地区)新发地市场，近1年在大兴区黄村做家教，父母为新发地市场个体经营人员，平时与父母同住，6月14日由专车转运至集中隔离点进行集中医学观察。6月16日被确定为确诊病例的密切接触者。6月26日核酸检测结果为阳性，6月27日由120救护车转运至昌平区医院就诊，6月28日确诊，临床分型为普通型。病例4，男，37岁，住址为丰台区丰台街道东大街，保安。6月16日被确定为确诊病例的密切接触者，由专车转运至集中隔离点进行集中医学观察;6月26日核酸检测结果为阳性，6月27日出现发热等症状，当日由120救护车转运至丰台中西医结合医院就诊。6月28日确诊，临床分型为普通型。病例5，女，56岁，住址为丰台区新村街道银地家园，新发地市场个体经营人员。6月13日由专车转运至集中隔离点进行集中医学观察，6月26日核酸检测结果为阳性。6月27日由120救护车转运至丰台中西医结合医院就诊，6月28日确诊，临床分型为普通型。病例2，男，43岁，住址为丰台区花乡(地区)宜兰园，新发地市场个体经营人员。6月13日由专车转运至集中隔离点进行集中医学观察，6月26日出现发热症状，核酸检测结果为阳性。6月27日由120救护车转运至丰台中西医结合医院就诊，当日确诊，临床分型为普通型。病例1，女，31岁，住址为丰台区花乡(地区)天骄俊园，新发地市场个体经营人员。6月12日由专车转运至集中隔离点进行集中医学观察。6月26日核酸检测结果为阳性，由120救护车转运至丰台中西医结合医院就诊，6月27日确诊，临床分型为普通型。病例2，男，47岁，住址为丰台区花乡(地区)经营者乐园，新发地市场个体经营人员。6月13日由专车转运至集中隔离点进行集中医学观察，6月26日出现咽痛等症状，核酸检测结果为阳性。6月27日由120救护车转运至丰台中西医结合医院就诊，当日确诊，临床分型为普通型。病例3，女，63岁，住址为丰台区花乡(地区)宜兰园，新发地市场保洁员。6月12日晚由专车转运至集中隔离点进行集中医学观察，6月27日核酸检测结果为阳性，由120救护车转运至丰台中西医结合医院就诊，当日确诊，临床分型为普通型。病例4，女，53岁，住址为丰台区卢沟桥(地区)大屯村，新发地北水嘉伦市场便民超市A厅老郑州烩面馆员工。6月21日被确定为确诊病例的密切接触者，当日出现头痛、胸闷等症状。6月22日由专车转运至集中隔离点进行集中医学观察。6月23日核酸检测结果为阳性，由120救护车转运至丰台中西医结合医院就诊。6月25日由120救护车转运至地坛医院，6月27日确诊，临床分型为轻型。病例5，男，49岁，住址为丰台区花乡(地区)天骄俊园，新发地市场个体经营人员。6月13日由专车转运至集中隔离点进行集中医学观察，6月26日出现症状,6月27日核酸检测结果为阳性，由120救护车转运至丰台中西医结合医院就诊，当日确诊，临床分型为普通型。病例6，女，52岁，住址为丰台区花乡(地区)天伦锦城，新发地市场个体经营人员，6月16日由专车转运至集中隔离点进行集中医学观察，6月24日出现胸闷等症状，体温正常，6月27日核酸检测结果为阳性，由120救护车转至丰台中西医结合医院就诊，当日确诊，临床分型为普通型。病例8，女，43岁，住址为丰台区花乡(地区)天伦锦城，新发地市场个体经营人员。6月10日开始出现乏力、发热、咳嗽等症状，自行到诊所就诊并服药、输液治疗，体温恢复正常，但有咽痒等症状。6月13日至16日居家未外出。6月16日由专车转运至集中隔离点进行集中医学观察。6月26日核酸检测结果为阳性。6月27日由120救护车转运至丰台中西医结合医院就诊，当日确诊，临床分型为普通型。病例9，男，42岁，住址为大兴区高米店街道兴华大街二段，新发地市场个体经营者。6月12日由专车转运至集中隔离点进行集中医学观察，6月26日核酸检测结果为阳性。6月27日由120救护车转运至丰台中西医结合医院就诊，当日确诊，临床分型为普通型。病例10，女，39岁，住址为大兴区魏善庄镇北京密码，海淀区定慧谢小厨餐厅服务员。6月24日被判定为确诊病例的密切接触者，由专车转运至集中隔离点进行集中医学观察。6月25日出现全身酸痛等症状。6月26日由120救护车转运至大兴区人民医院就诊，核酸检测结果为阳性，6月27日确诊，临床分型为轻型。病例12，女，25岁，住址为大兴区西红门(地区)寿保庄村，北京大通远鑫汽车修理有限公司车险销售员，在北京车谷汽车销售有限公司办公。6月20日至23日上班或在家休息，曾在村内超市购物。6月24日出现流涕等症状，未服药、未就医。6月26日被确定为确诊病例的密切接触者，由专车转运至集中隔离点进行集中医学观察;当日核酸检测结果为阳性，由120救护车转运至大兴区人民医院就诊。6月27日确诊，临床分型为普通型。病例1，女，38岁，住址为丰台区花乡(地区)天伦锦城，新发地市场个体经营人员。6月12日由专车转运至集中隔离点进行集中医学观察，6月24日核酸检测结果为阳性，由120救护车转运至丰台中西医结合医院就诊，6月26日确诊，临床分型为普通型。病例2，男，51岁，住址为丰台区花乡(地区)经营者乐园，新发地市场个体经营人员。6月12日由专车转运至集中隔离点进行集中医学观察，6月24日核酸检测结果为阳性，由120救护车转运至丰台中西医结合医院，26日确诊，临床分型为普通型。病例3，女，51岁，住址为丰台区花乡(地区)经营者乐园，新发地市场个体经营人员。6月12日由专车转运至集中隔离点进行集中医学观察，6月24日核酸检测结果为阳性，由120救护车转运至丰台中西医结合医院，26日确诊，临床分型为普通型。病例4，女，49岁，住址为丰台区花乡(地区)天伦锦城，新发地市场个体经营人员，6月12日由专车转运至集中隔离点进行集中医学观察，6月24日核酸检测结果为阳性，由120救护车送至丰台中西医结合医院，26日确诊，临床分型为普通型。病例5，女，46岁，住址为丰台区花乡(地区)新发地商户乐园，新发地市场个体经营人员。6月12日由专车转运至集中隔离点进行集中医学观察，6月24日核酸检测结果为阳性，由120救护车转运至丰台中西医结合医院就诊，26日确诊，临床分型为普通型。病例6，男，43岁，住址为丰台区花乡(地区)天伦锦城，新发地市场个体经营人员。6月12日由专车转运至集中隔离点进行集中医学观察，6月24日核酸检测结果为阳性，由120救护车送至丰台中西医结合医院，26日确诊，临床分型为普通型。病例7，男，29岁，住址为丰台区花乡(地区)经营者乐园，新发地市场个体经营人员。6月12日由专车转运至集中隔离点进行集中医学观察，6月24日核酸检测结果为阳性，由120救护车转运至丰台中西医结合医院，26日确诊。临床分型为普通型。病例8，女，55岁，住址为丰台区花乡(地区)宜兰园，新发地市场个体经营人员。6月12日由专车转运至集中隔离点进行集中医学观察，6月24日核酸检测结果为阳性，由120救护车送至丰台中西医结合医院，26日确诊，临床分型为普通型。病例9，男，30岁，住址为丰台区花乡(地区)经营者乐园，新发地市场销售人员。6月12日由专车转运至集中隔离点进行集中医学观察，6月24日核酸检测结果为阳性，由120救护车转运至丰台中西医结合医院就诊，26日确诊，临床分型为普通型。病例10，男，27岁，住址为丰台区花乡(地区)天骄俊园，新发地市场个体经营人员，6月12日由专车转运至集中隔离点进行集中医学观察，6月24日出现咽部不适，核酸检测结果为阳性，由120救护车转运至丰台中西医结合医院，26日确诊，临床分型为普通型。病例11，男，23岁，住址为丰台区花乡(地区)天伦锦城，新发地市场个体经营人员。6月12日由专车转运至集中隔离点进行集中医学观察。6月24日核酸检测结果为阳性，陆续出现发热、咽干、咳嗽等症状，由120救护车转运至丰台中西医结合医院就诊。26日确诊，临床分型为普通型。病例12，男，29岁，住址为丰台区花乡(地区)宜兰园，新发地市场个体经营人员。6月12日由专车转运至集中隔离点进行集中医学观察，6月24日核酸检测结果为阳性，由120救护车转运至丰台中西医结合医院就诊，26日确诊，临床分型为普通型。病例13，女，55岁，住址为丰台区花乡(地区)经营者乐园，新发地市场个体经营人员。6月12日由专车转运至集中隔离点进行集中医学观察，6月24日核酸检测结果为阳性，由120救护车转运至丰台中西医结合医院就诊，26日确诊，临床分型为普通型。病例14，男，50岁，住址为丰台区新村街道银地家园，新发地市场个体经营人员。6月15日由专车转运至集中隔离点进行集中医学观察。6月22日核酸检测结果为阴性，新冠病毒IgM抗体阳性，由120救护车转运至丰台中西医结合医院就诊，26日核酸检测结果为阳性，当日确诊，临床分型为普通型。编辑常江',
 'publish_time': '2020-06-30 17:16:00',
 'title': '北京近4日37例确诊病例发现于集中隔离点',
 'url': 'http://baijiahao.baidu.com/s?id=1670914908167595360'}
2020-06-30 20:13:10 [scrapy.dupefilters] DEBUG: Filtered duplicate request: <GET http://baijiahao.baidu.com/s?id=1670914908167595360> - no more duplicates will be shown (see DUPEFILTER_DEBUG to show all duplicates)
2020-06-30 20:13:10 [scrapy.core.engine] DEBUG: Crawled (200) <GET https://www.sohu.com/a/404910308_115479> (referer: http://news.sohu.com/)
2020-06-30 20:13:11 [scrapy.core.engine] DEBUG: Crawled (200) <GET https://mil.news.sina.com.cn/jssd/2020-06-30/doc-iircuyvk1168395.shtml> (referer: https://news.sina.com.cn/)
2020-06-30 20:13:11 [scrapy.core.scraper] DEBUG: Scraped from <200 https://www.sohu.com/a/404910308_115479>
{'content': '原标题：日本右翼组织渔船赴钓鱼岛，又被我海警追击约四小时（文/观察者网郭光昊）截至6月29日，中国海警已经连续77天在钓鱼岛附近海域巡航，再次刷新了自2012年9月日本单方面将钓鱼岛“国有化”以来的记录。近期，中方加大了在钓鱼岛附近海域巡航的力度和强度，再次以实际行动表明“钓鱼岛属于中国”。去年5月，曾有日本地方议员赴钓鱼岛海域“捕鱼”，被中国海警追击。类似情况今年再次发生：6月21日，日本两艘渔船在钓鱼岛附近海域“捕鱼”，返航时被四艘中国海警船包夹、跟踪了4个多小时。日方本次出海并不是单纯的经济活动，而是明白无误的政治宣示和挑衅。本次出海的两艘渔船均参加了八重山渔协：一艘为当地渔船“惠美丸”，另一艘是“日本文化频道-樱”名下的“第一樱丸”。“日本文化频道-樱”这家公司目前在各大视频网站上运营名为“樱频道”的账号，日常发布大量政治立场极端保守的视频节目，与日本保守派政客过从甚密。石垣市议会当时已确定将在22日表决议案，更改钓鱼岛所在行政区名称。“樱频道”社长水岛总19日毫不掩饰本次“捕鱼”的政治目的就是为了配合石垣市的行动：“（出海捕鱼）将成为日本实效支配钓鱼岛的重要证明。”本次行动他们也用视频全程记录，意图抢占舆论制高点。行动也如此前一样得到了石垣当地媒体《八重山日报》的跟踪报道。《八重山日报》报道，两艘渔船在6月20日晚8点多接受了日本海保临检，九点半左右驶离了石垣岛的登野城渔港。石垣岛距离钓鱼岛约170千米，渔船开了一夜，21日清晨抵达钓鱼岛南侧海域。《八重山日报》称，渔船抵达时，四艘中国公务船已在附近海域待命。捕鱼时，渔船附近有10艘以上日本海保船。“樱频道”自称，在他们准备返回时，四艘中国海警船以两艘为一组，呈左右包夹的态势跟踪驱逐日本渔船四个多小时。期间，日本海保船就近保护渔船，在二者之间航行。从视频画面中可以识别，在场的中国海警船包括4000吨级的海警2502、3000吨级的海警1304和海警2302。而在场的日本海保船包括1000吨级中型海保船“天城”（PL67）、“伊是名”（PL90）和180吨级小型海保船PS34、PS36等。两艘渔船最后于6月22日返回石垣岛。而中国海警船随后返回钓鱼岛附近海域，22日当天在钓鱼岛领海内巡航。共同社援引海保消息称，在钓鱼岛领海内巡航约四个小时。6月25日，一些自民党保守派议员和“樱频道”在东京的众议院第二议员会馆还举行了记者发布会，要求日本政府采取更“积极”的措施。会上除了展示渔获，还播放了约10分钟的记录视频。我外交部发言人赵立坚22日就钓鱼岛问题再次表达了中方立场：钓鱼岛及其附属岛屿是中国固有领土，中方维护领土主权的决心和意志坚定不移。日方通过所谓“更名”议案，是对中国领土主权的严重挑衅，是非法的、无效的，不能改变钓鱼岛属于中国的事实，我们对日方有关行径坚决反对。中方已通过外交渠道向日方提出严正交涉，并保留做出进一步反应的权利。',
 'publish_time': '2020.06.30 15:16:00',
 'title': '日本右翼组织渔船赴钓鱼岛，又被我海警追击约四小时',
 'url': 'https://www.sohu.com/a/404910308_115479'}
2020-06-30 20:13:11 [scrapy.core.scraper] DEBUG: Scraped from <200 https://mil.news.sina.com.cn/jssd/2020-06-30/doc-iircuyvk1168395.shtml>
{'content': '据印度《亚洲国际新闻》6月27日报道，印度军队已将防空导弹系统部署至拉达克东部地区。新闻并未明确指出是何种导弹，但结合印军目前装备现状来看，很有可能就是其自研的“天空”导弹（音译为“阿卡什”）。这款“天空”导弹是印度自主研制的第一款防空导弹，印度国内对这款导弹一直寄予厚望，将其和“烈火”导弹、“光辉”战斗机、“阿琼”坦克一同当成是“印度国防工业之光”，但是如果上述其他项目一样，“天空”导弹的研制过程也是漫长而艰辛，项目开始于1983年，但一直到2012年，才正式进入印度军中服役。图注：印度“天空”防空导弹系统“天空”导弹的原型脱胎于前苏联时期的SA-6/2K12Kub防空导弹，在研制过程中，印度军工部门也借鉴了美国爱国者导弹和俄罗斯S-300导弹等新一代防空导弹系统的先进设计，“天空”导弹重720公斤，弹长7.5米、弹径400毫米，最大作战距离30千米，作战高度25千米；导弹采用冲压-固体火箭组合发动机，最大马赫数3；采用破片杀伤式战斗部和近炸引信，采用半主动雷达引导+主动雷达寻的的制导方式，火控系统使用印度自行研制的拉贾德拉三坐标火控相控阵雷达，具有对付多目标能力，不过其探测距离仅有60-100千米，只能跟踪64个目标制导12枚导弹。一套“天空”导弹系统由导弹发射车、指挥车和相控阵雷达车组成，可采用多种模式部署。单一部署可以同时打击四个目标，也可同时对一个目标发射3枚导弹。群部署方式下可将8个单一系统整合成一套系统，增加了拦截概率。陆军对该导弹的要求是，拦截距离应该为24~24千米，单发拦截概率不低于80%，印度媒体声称，导弹命中率可达到98%，但这个数据一看就是吹嘘的结果，此前曾经屡次爆出印军对这款导弹不满意的消息，印军发现这款“天空”导弹的速度较慢，机动性不足，且整个系统的反应时间更长，雷达也无法实现360°全覆盖，而且这款导弹的价格也不便宜，印度空军共采购了8个中队的“天空”导弹，合同总价值9.25亿美元，而印度陆军则采购了2个团总计约2000枚导弹，合同总价值高达31亿美元。因此，虽然被印度国内寄予厚望，这款导弹也在某种程度上沦为“鸡肋”，替换印军老旧的SA-6导弹尚可，同世界先进中近程野战防空导弹相比，还有很大的差距。因此，不过，值得警惕的是，印度也并非没有后招，近年来，它们积极寻求与国外军事技术合作，比如，它们同以色列合作，研制了一款新型中程防空导弹系统（MR-SAM）。MR-SAM系统使用巴拉克-8导弹，导弹质量275千克，拥有一个60千克的弹头和一台双脉冲固体火箭发动机，最大速度2马赫最大射程70千米。MR-SAM系统使用有源相控阵火控雷达，具备360度全向覆盖的探测能力，导弹使用主动雷达制导和双向数据链，加上垂直发射系统的使用，具有很强的多目标交战能力。目前，该型导弹已经完成研制并批量生产交付印度军方，它将构成印度未来中程防空导弹系统的支柱。图注：印度和以色列联合研制的中程防空导弹系统（MR-SAM）此外，印军在2018年的时候，还斥资10亿美元，向美国采购了NASAMS防空导弹系统，NASAMS-2防空导弹源自1989年起为挪威空军研制的“挪威先进防空导弹系统”，它的主要理念是采用轻型车载发射装置发射，将空空导弹改装为防空导弹，结合成为一种高机动性的野战中近程、中低空防空导弹系统。此后美国雷神公司参与进来，对NASAMS进行改进提升，换装了新型雷达，并采用新型拦截弹以提升防空系统射程，最终开发出NASAMS-2防空导弹系统。NASAMS-2系统具有四个特点：一是所有备弹均可齐射，各枚导弹可以攻击预定的各个目标或集中攻击一个目标；二是各发射系统可以在指挥中心25千米之外分散部署，可360°转动，能够攻击任意方向入侵的目标，以延伸系统的火力打击范围；三是系统的软、硬件均适用于机场或雷达站进行野战部署；四是具有“俯视、俯攻”功能，可部署在山头上对低空突袭的飞机或直升机进行攻击，具有强大的防空能力。NASAMS-2防空导弹系统的另一个特点是可以兼容发射多种由空空导弹改装而成的各型拦截弹，比如AIM-9“响尾蛇”、先进“海麻雀”等，它主要发射的是加长加粗固体燃料装药的AIM-120C“阿姆拉姆”中程空空导弹，而2019年，美军为了进一步延伸其射程，为其改装了AIM-120ER增程型拦截弹。这些拦截弹，都有可能装配给印度军方购买的NASAMS-2防空导弹。图注：印度从美国采购价值10亿美元的国家先进防空导弹系统（NASAMS-II）除了中近程防空导弹之外，2019年，印度还宣布从俄罗斯订购了5个营的S400远程防空导弹系统，合同的总价值达到60亿美元，是俄罗斯有史以来签订的最大一笔防空导弹出口合同。按照原计划印度将在2021年底前获得这5个营的S400防空导弹系统，近日，印度防长杰纳特·辛格访问俄罗斯，希望能提前交付，但是遭到俄方拒绝。图注：印度催促俄方提前交付S400防空导弹，但是遭到俄方无情的拒绝综合来看，印度从国外斥巨资购买的防空导弹，在性能上无疑要比自研的“天空”导弹强大很多，一旦印度将它们部署到中印边境地区，确实会给中国空军在该区域的活动带来不小的压力，但是也丝毫无法动摇中国军队捍卫国家领土完整和主权利益的信心和决心。',
 'publish_time': '2020.06.30 11:48:00',
 'title': '印军在中印边境部署防空导弹性能差到连自己都嫌弃',
 'url': 'https://mil.news.sina.com.cn/jssd/2020-06-30/doc-iircuyvk1168395.shtml'}
2020-06-30 20:13:11 [scrapy.dupefilters] DEBUG: Filtered duplicate request: <GET https://mil.news.sina.com.cn/jssd/2020-06-30/doc-iircuyvk1168395.shtml> - no more duplicates will be shown (see DUPEFILTER_DEBUG to show all duplicates)
2020-06-30 20:13:11 [scrapy.core.engine] DEBUG: Crawled (200) <GET https://mbd.baidu.com/newspage/data/landingsuper?context=%7B%22nid%22%3A%22news_9983649190355350251%22%7D&n_type=1&p_from=4> (referer: http://baijiahao.baidu.com/s?id=1670914908167595360)
2020-06-30 20:13:11 [scrapy.core.scraper] DEBUG: Scraped from <200 https://mbd.baidu.com/newspage/data/landingsuper?context=%7B%22nid%22%3A%22news_9983649190355350251%22%7D&n_type=1&p_from=4>
{'content': '随着“文创热”的不断升温，依托上海红色文化资源开发的红色文创产品也受到越来越多的关注，并呈现出潮流化、年轻化特色。第一届上海红色文化创意大赛颁奖暨第二届上海红色文化创意大赛启动活动今天在东方网举行，初心锁、“回忆革命之路”等获奖作品逐一揭晓。“回忆革命之路”澎湃新闻记者在展示现场看到，琳琅满目的红色文创有以石库门建筑门框外形为原型的初心锁；有以“一大会议”期间，桌面上的茶水杯壶为灵感设计的茶水分离保温杯，还有桌游、八音盒、手机壳等，兼具创意性和观赏性。第一届上海红色文化创意大赛于2019年10月正式启动，该赛事由中共上海市委宣传部、市教委、市文化和旅游局联合主办，东方网、长宁区文化和旅游局承办，全市32家红色文化场馆协办。第二届上海红色文化创意大赛启动活动现场大赛启动后受到了社会各界的热烈响应，高校师生、企业设计师、各类设计爱好者踊跃参与，共收到参赛作品656件。经过大赛组委会初评，部分作品在网上进行了展示，除了市民评议外，主办方还邀请了业内资深专家组成评审团，对入围作品进行评审，从作品的创意设计、美观完整性、主题性、市场性等方面综合评分。最终评选出一等奖3名、二等奖5名、三等奖10名、入围奖20名。获奖作品涵盖中共一大会址纪念馆、陈云纪念馆、宋庆龄故居等沪上知名红色文化场馆的标志性元素，充分发挥了上海红色文化资源的现实价值。由王钦庆、朱益健设计的初心锁，悦闻品牌管理有限公司设计的“固以树德”茶水分离保温杯，龚金程设计的“回忆革命之路”系列文创产品获此次红色文化创意大赛一等奖。初心锁据设计者介绍，初心锁的创意来自石库门建筑门框外形，浓缩党三次大会历史；开锁密码为每次党代会召开的时间，时刻提醒人们不忘初心，牢记使命，砥砺前行。“固以树德”茶水分离保温杯“固以树德”茶水分离保温杯灵感来源于“一大会议”期间，桌面上的茶水杯壶。保温杯以复古饱和的配色搭配现代简约插画，展现建党后的美好生活。“回忆革命之路”系列文创产品则选用多个红色旅游景点，结合上海特色门牌路标元素，具象化推广革命经典。荣获二等奖的“红色之旅”桌游则是一个文化创意类棋盘游戏，贯穿“知识就是财富”以及“了解党的历史”的理念，寓教于乐，让玩家了解上海红色历史文化。“红色之旅”桌游别致的“中国共产党诞生地海上砖红色八音盒”在展示现场也吸引了很多围观者。木质的八棱形框内镶嵌一块海上砖，砖面正面是一个手绘的“中共一大会址”石库门建筑，集中呈现了红色文化、海派文化和江南文化的特征。“中国共产党诞生地海上砖红色八音盒”据主办方介绍，上海是中国共产党的诞生地，有着丰富的红色文化资源。红色文化也成为上海鲜明的城市标志。近年来，随着文创产品的不断推陈出新，红色文创产品也受到越来越多消费者的青睐，并且呈现出潮流化、年轻化的特色。对于此次在大赛中获奖的优胜作品来说，如何才能获得更多人的认同和喜爱？“红色建筑-彩界”系列文创产品启航——文具衍生系列设计海上文创相关负责人表示，在市委宣传部的指导下，将于明天（7月1日）策划推出“追梦者”红色文创七一网上直播活动，邀请新时代青年代表、红色场馆代表共同讲述上海红色文创故事，让人们在红色文化中汲取营养和正能量的同时，积极探索红色文化传承与产业发展的共融点，不断壮大和发展上海红色文创产业。“红忆迹”系列文创产品此外，海上文创将联合阿里巴巴本地生活旗下饿了么、口碑平台开启深度合作。海上文创，将持续提供各类文化文博IP；阿里巴巴本地生活旗下饿了么、口碑平台则利用阿里生态优势，将IP元素与消费产品结合，联动本地生活商户进行独家发布。“文物新说·话解放”文创产品套组此外，由上海市委宣传部、市委党史研究室、市教委、市文化旅游局、市国资委、团市委、市文联联合主办的第二届上海红色文化创意大赛也于今天下午宣布启动。第二届文创大赛除了新加入了红色文化旅游线路设计外，大赛组委会将为参赛者提供包括红色文化云培训在内的一系列红色主题培训活动，广泛挖掘和培育文创人才、文创项目、文创企业，促进红色文化的传承弘扬，打响上海红色文化品牌。“红色家园”笔筒“红色故里照我心”建筑系列书挡陈云故里-百年玉兰·灯具文创产品展示现场文创产品展示现场7月1日是七一建党节，在中共上海市委宣传部的指导下，“海上文创”联合东方网娱乐共同打造，“追梦者”七一特别活动，将由淘宝主播李佳琦，演员、歌手许魏洲，奥运冠军吴敏霞，中国航天科技集团特技技师王曙群联合红色场馆代表共同讲述上海红色文创故事。播出时间：7月1日（周三）晚21：30分播放平台：东方网娱乐、新浪娱乐、头条新闻、百视通、IPTV。(本文来自澎湃新闻，更多原创资讯请下载“澎湃新闻”APP)',
 'publish_time': '2020-06-30 18:16:00',
 'title': '首届上海红色文创大赛揭晓，呈现潮流化年轻化特色',
 'url': 'https://mbd.baidu.com/newspage/data/landingsuper?context=%7B%22nid%22%3A%22news_9983649190355350251%22%7D&n_type=1&p_from=4'}
2020-06-30 20:13:13 [scrapy.core.engine] DEBUG: Crawled (200) <GET http://news.ifeng.com/c/7fpUDdNNkff> (referer: http://news.ifeng.com/)
2020-06-30 20:13:13 [scrapy.core.scraper] DEBUG: Scraped from <200 http://news.ifeng.com/c/7fpUDdNNkff>
{'content': '2007年3月2日，申纪兰在北京举行的《见证共和国——全国唯一的一至十届全国人大代表申纪兰》首发式上与媒体和读者见面。新华社记者李晓果摄1998年-2003年第九届全国人大会议。2013年03月05日，北京，第十二届全国人民代表大会第一次会议在北京人民大会堂开幕。申纪兰步入会场。1954年10月1日，在天安门观礼台上的第一届全国人民代表大会的代表。前排左三是申纪兰。2011年03月10日，北京，申纪兰代表早早来到会场。1983年-1988年第六届全国人大代表。山西省西沟教育基地里展出的申纪兰第一至十一届全国人大代表历程（2009年7月20日摄）。申纪兰、郭凤莲、胡文秀、玉荣、龙梅在交谈。1975年-1978年第四届全国人大代表。申纪兰带领群众脱贫致富，1986年9月与县供销社联合办起一座罐头厂，投产后的第一个月就生产红果、梨罐头5万多瓶。这是申纪兰（左）和工人一起检查罐头质量。申纪兰参加1978年-1983年第五届全国人大会议。申纪兰参加2003年第十届全国人大会议。2016年3月10日晚，北京，全国人大代表申纪兰晚上在山西代表团驻地翻看资料，1929年12月出生的她是第十二届全国人大代表中年龄最大的，也是全国唯一连任一至十二届的全国人大代表。1993年-1998年第八届全国人大代表。1988年-1993年第七届全国人大会议。在投票的申纪兰。2009年5月25日，习近平在平顺县西沟乡西沟村看望全国劳动模范申纪兰并与老党员、老劳模、大学生村官和村民代表等座谈。1979年12月28日，申纪兰（中）在全国劳动模范代表大会上戴上了大红花。2014年3月10日，北京，十二届全国人大第二次会议在人民大会堂举行第三次全体会议。申纪兰步入会场。申纪兰，山西省平顺县西沟村党总支副书记，是中国目前唯一一位从一届到十一届连续当选的全国人大代表。2010年两会她“从未投过反对票”的发言曾引起热议。图为1953年2月，山西省平顺县西沟村李顺达农林畜牧生产合作社副社长——模范军属申纪兰在长治专署首届优抚模范代表会议上作报告。（资料照片）来源：新华社2008年6月26日，奥运火炬手申纪兰手持火炬传递。当日，北京奥运圣火在山西太原传递。新华社记者邢广利摄出席一届一次会议的女代表们。2006年4月24日，山西省长治市，申纪兰扛着锄头。2008年3月17日，北京，十一届全国人大代表申纪兰。2010年3月9日，全国劳模申纪兰在北京参加两会全体会议。1981年9月，申纪兰参加西沟村植树造林活动。申纪兰参加1959年-1964年第二届全国人大会议。2012年3月14日，北京，十一届全国人大五次会议闭幕，申纪兰走出人民大会堂。1954年-1959年申纪兰当选第一届全国人大代表。',
 'publish_time': '2020.06.28 11:37:36',
 'title': '申纪兰生平图集',
 'url': 'http://news.ifeng.com/c/7fpUDdNNkff'}
2020-06-30 20:13:13 [scrapy.core.engine] DEBUG: Crawled (200) <GET https://pacaio.match.qq.com/irs/rcd?cid=137&token=d0f13d594edfc180f5bf6b845456f3ea&ext=top&page=11&callback=__jp14> (referer: https://pacaio.match.qq.com/irs/rcd?cid=137&token=d0f13d594edfc180f5bf6b845456f3ea&id=&ext=top&page=0&expIds=&callback=__jp1)
2020-06-30 20:13:13 [scrapy.core.downloader.tls] WARNING: Remote certificate is not valid for hostname "www.xinhuanet.com"; VerificationError(errors=[DNSMismatch(mismatched_id=DNS_ID(hostname=b'www.xinhuanet.com'))])
2020-06-30 20:13:13 [scrapy.core.engine] DEBUG: Crawled (403) <GET https://www.xinhuanet.com/> (referer: None)
2020-06-30 20:13:13 [scrapy.core.engine] DEBUG: Crawled (200) <GET https://mil.news.sina.com.cn/zhengming/2020-06-30/doc-iircuyvk1174569.shtml> (referer: https://news.sina.com.cn/)
2020-06-30 20:13:13 [scrapy.spidermiddlewares.httperror] INFO: Ignoring response <403 https://www.xinhuanet.com/>: HTTP status code is not handled or not allowed
2020-06-30 20:13:13 [scrapy.core.scraper] DEBUG: Scraped from <200 https://mil.news.sina.com.cn/zhengming/2020-06-30/doc-iircuyvk1174569.shtml>
{'content': '来源：兵工科技近年来，俄罗斯海军开始大量装备22800型导弹艇，这款导弹艇连千吨都不到，但是从其舰载系统来看，相控阵雷达，垂发导弹系统等应有尽有，甚至远超轻型护卫舰。22800型导弹艇排水量800吨，长65米，宽10米，最高航速30节，续航力2500海里，可独立执勤15天。该型导弹艇采用V型船体，其外形特征与已服役的21631型导弹艇极为相似，都采用较小的上层建筑，导弹垂发单元位于舰桥后部的平台上。从外形上来看，外形有明显的隐身特征，其上层建筑、主炮及防浪板的斜面设计使雷达回波被大幅削弱，该艇采用传统的小型平甲板艇型，艇体采用高强度合金钢建造，上层建筑采用铝镁合金。图注：从外形上来看，22800型导弹艇外形有明显的隐身特征，其上层建筑、主炮及防浪板的斜面设计使雷达回波被大幅削弱值得一提的是，22800护卫舰安装三台中国河南柴油机重工制造的CHD622V20CR型发动机，每台发动机额定功率为3600千瓦，搭配WVS2240船用齿轮箱及其控制系统，其航速最快可达30节，这么高的航速可以实施突击作战，且可以在实施首次打击任务后迅速撤离。图注：22800护卫舰安装三台中国河南柴油机重工制造的CHD622V20CR型发动机22800型导弹艇的“眼睛”很尖，配备Zaslon公司研制的4阵面固定式有源相控阵雷达，可同时对众多目标进行立体搜索、跟踪、识别和分类，根据威胁等级评估来导弹攻击。现在通常将装备有相控阵雷达的舰艇称为“盾舰”，那么22800无疑是其中吨位最小的，并且与“第二小”相比也要相差几个量级，开创了小型神盾战舰的先例。图注：22800型导弹艇配备Zaslon公司研制的4阵面固定式有源相控阵雷达与小身板形成强烈反差的是，22800型导弹艇火力配备非常强大，同其他国家的轻型护卫舰相比，一点也不逊色。该艇装备了一门先进的A-190M型100毫米舰炮，还装备了八联装3S14U1垂直发射系统，可以发射8枚“口径”导弹对地攻击巡航导弹，其中用于打击海上目标的导弹射程为350公里，打击地面目标射程超过2000公里，“口径”导弹可在50至150米的高度飞行，能够“突破任何反导系统”，使敌方难于发现，或者只留给敌舰极短反应时间，不能进行有效防护。在反舰能力方面，3S14U1垂直发射系统还可以发射P-800红宝石超音速反舰导弹，该导弹的作战距离为600千米。如果用作近海防御，22800型这样的小船完全有可能实施蜂群战术，发射P-800导弹对航母战斗群实施饱和攻击。除此之外，该轻型护卫舰还可以携带一些水雷和反潜火箭弹，执行小规模破交、反潜任务。图注：从模型上可以看出，22800型导弹艇装备了八联装3S14U1垂直发射系统，可以发射“口径”对地攻击巡航导弹和P-800超音速反舰导弹，火力配备十分强大图注：在火力配置方面，22800型导弹艇舰装备了一门先进的A-190M型100毫米舰炮，舰炮火力比一些国家的中型护卫舰都要更强以上可以看出，22800型导弹艇有吨位小，火力强悍，续航力大的特点，从该艇的身上就可以看出俄罗斯海军对于近海作战能力的重视。预计，在俄与北约位黑海地区博弈加剧的背景下，未来该型舰艇将优先配备给俄海军黑海舰队，与黑海舰队此前已经列装的21631型舰相配合，俄海军位黑海乃至地中海地区的海上作战实力将成倍增加，届时将对驶入地中海的美航母构成巨大威胁。',
 'publish_time': '2020.06.30 12:16:00',
 'title': '这款安装中国发动机的俄罗斯军舰火力竟然如此凶猛',
 'url': 'https://mil.news.sina.com.cn/zhengming/2020-06-30/doc-iircuyvk1174569.shtml'}
2020-06-30 20:13:14 [scrapy.core.engine] DEBUG: Crawled (200) <GET http://baijiahao.baidu.com/s?id=1670852409110574829> (referer: http://news.baidu.com/)
2020-06-30 20:13:14 [scrapy.downloadermiddlewares.redirect] DEBUG: Redirecting (302) to <GET http://new.qq.com/notfound.htm?uri=http://new.qq.com/omn/20200630/20200630A0NVJB00.html> from <GET https://new.qq.com/omn/20200630/20200630A0NVJB00.html>
2020-06-30 20:13:14 [scrapy.core.scraper] DEBUG: Scraped from <200 http://baijiahao.baidu.com/s?id=1670852409110574829>
{'content': '近日，"蚂蚁矿机ANTMINER"在微博发布北京比特大陆科技有限公司（以下简称"北京比特大陆"）关于近期经营协作的磋商及实时进展公告，称两位大股东——即詹克团与吴忌寒已就目前公司的生产经营问题达成了共识。但令外界错愕的是，该公告很快被删除。自2019年10月以来，比特大陆科技控股公司（于开曼群岛注册成立以不同投票权控制的有限公司，下称“比特大陆”）两大股东吴忌寒和詹克团争斗就从未停过，双方数次通过各种渠道发布公告，就公司法人、公章、公众号归属等问题争执不下，甚至还在今年5月上演了"当当式"抢夺营业执照戏码。而在比特大陆股东内斗不断的同时，竞争对手嘉楠耘智和亿邦国际已经成功在美股上市。有业内人士向雷达财经表示，如果比特大陆大股东内斗迟迟不解决，不排除被竞争对手超越。公开资料显示，吴忌寒毕业于北京大学经济学院，主要负责比特大陆市场业务，而来自中国科学院微电子研究所的詹克团则被看作比特大陆"技术大脑"。在二人的努力下，比特大陆发展迅速。2018年比特大陆向香港联交所递交的招股书显示，按2017年收入计，这家公司就已经是中国第二大、全球前十大无晶圆厂芯片设计公司、全球第四大无晶圆厂ASIC芯片设计公司。而根据Frost&Sullivan数据,以2017年收入计算,比特大陆是全球最大的基于ASIC的加密货币矿机公司,占有全球74.5%的市场份额。2017年和2018年上半年，比特大陆的营收分别为25.17亿美元、28.45亿美元，净利润分别为7.01亿美元、7.42亿美元，调整后净利润（不包括股权激励费用及可换股可赎回优先股的公允价值变动）均为9.52亿美元。但毛利率却从2016年顶峰的54.5%下降至2018年前6个月的36.2%。自成立以来，比特大陆共完成三轮融资：2017年8月A轮融资5000万美元，2018年6月B轮融资2.9亿美元，2018年8月B+轮融资4.4亿美元。参投方包括IDG资本、红杉资本、美国对冲基金CoatueManagement、新加坡政府投资基金EDBI等。然而业绩辉煌的背后，两位创始人出现裂痕。据媒体报道，吴忌寒和詹克团在公司发展方面的看法不尽相同。吴忌寒想继续扩大比特大陆在数字货币领域的份额，同时在国际化道路上努力，而詹克团则希望将比特大陆转型为人工智能方向。据21世纪经济报道，2018年正逢比特币大跌，吴忌寒的比特币现金计划亏损了30多亿人民币的资产，他也因此在年底卸任自己在比特大陆的所有职务并退出核心决策层。但吴忌寒很快卷土重来。2019年10月29日，吴忌寒发布内部信，解除詹克团在北京比特大陆的一切职务。内部信要求，比特大陆任何员工不得再执行詹克团的指令，不得参加詹克团召集的会议，如有违反，公司将视情节轻重考虑解除劳动合同，这被外界看作比特大陆内斗正式爆发的起点。当时，詹克团正在深圳参展2019年深圳安博会。等他回到比特大陆时，却发现自己已被禁止进入公司的办公区域。从股权结构看，当时詹克团更占优势。当时，詹克团持股36%，吴忌寒持股20.25%，而由于开曼公司实行AB股，詹吴两人手中所持的B股均有10倍投票权，詹克团占据59.6%的投票权。不过，比特大陆在去年11月举行的股东大会上就取消了詹克团的10倍投票权，改为1股1票，这使詹克团丧失了投票优势。詹克团随即聘请汉坤律师事务所，向北京市海淀区人民法院提起行政诉讼，对北京市海淀区市场监督管理局作出的工商变更登记表示异议，与此同时还发起第一次行政复议，请求撤销比特大陆变更法定代表人和执行董事的行为。据彭博社报道，詹克团在2019年12月还曾提交传票，要求开曼群岛法院撤销股东大会上取消AB股的决定，但这一国际诉讼至今尚未做出最终判决。2020年1月31日，北京市海淀区司法局同意了詹克团的撤销申请，但早在1月2日，比特大陆就再次将法人由吴忌寒换为公司首席财务官刘路遥，这一布局使得詹克团夺回法定代表人身份的想法落空。今年2月12日，詹克团提起第二次行政复议，请求撤销海淀区市场监管局批准的1月2日法人变更登记行为，并将比特大陆法人恢复为自身。今年4月28日，北京市海淀区司法局正式撤销刘路遥法定代表人身份，北京比特大陆在市场监管部门登记的状态恢复至2019年10月28日之前。对此，吴忌寒一方认为，因为北京比特大陆由香港的BitmainTechnologiesLimited（下称“香港比特大陆”）100%控股，而注册于开曼群岛的BitMainTechnologiesHoldingCompany（比特大陆）100%持股香港比特大陆，因此北京地区比特大陆的法人任免本应由开曼、香港股东决定，而非行政机关。4月27日和4月29日，微信公众号"比特大陆科技"连续发布两则声明，称詹克团无视公司及全体员工的共同利益，在疫情特殊时期恶意提起诉讼，干扰公司的正常运营，破坏国家保稳定、保增长的方针。并已对詹克团可能采取的5项破坏活动做好充分准备，严阵以待。5月28日，一场“大戏”上演。当日上午，詹克团在海淀区政务服务中心二楼52号窗口领取自己为法定代表人的北京比特大陆公司营业执照时，营业执照被一群不明身份的大汉从工商行政人员手中抢走，其中刘路遥在现场指挥了这次有计划的"抢劫"。就在刘路遥率人"抢执照"的当天，香港比特大陆微博发表声明文章，称"詹克团已不在\'北京比特\'担任任何职务，也未经本公司授权，无权领取本公司营业执照。市场监管部门公示登记显示詹克团为我司法定代表人属于登记错误，且严重违反《公司法》的规定。公司唯一合法的法定代表人为总经理刘路遥。"虽然詹克团营业执照被抢走，但在国家企业信用信息公示系统中，詹克团已是北京比特大陆法定代表人。至此，北京比特大陆在9个月内，已三次更换法定代表人。重新担任法定代表人后，詹克团开始了“清算”之旅。5月25日，詹克团以北京比特大陆法定代表人的身份签发了对刘路遥的"解除劳动关系通知"。在解除文件中，刘路遥被指存在严重违反公司规章制度的行为，包括但不限于5月8日在海淀区市场监督管理局依法向公司法人詹克团发放营业执照过程中，组织、策划并参与抢夺营业执照。5月27日下午，北京比特大陆发布声明称，公司已于2019年10月28日通过股东决定免去詹克团的公司执行董事、法定代表人职务，且于2019年11月5日通过执行董事决定免去詹克团经理职务。鉴于此，詹克团无权以公司法定代表人、执行董事或经理的名义从事任何行为。解除刘路遥劳动合同失效后，詹克团很快又将注意力转移到了公章上。6月10日，詹克团一方通过微信公众号"比特大陆科技"发布"关于启用新公章并作废旧公章的声明"，表示旧公章于5月8日起失效，新公章于6月1日起生效。一天之后，比特大陆官网发布声明称，北京比特大陆和香港比特大陆发现微信公众号"比特大陆科技"于2020年6月10日登陆状态异常，并宣布当日发布的信息内容虚假，不代表北京比特大陆真实意志。目前唯一合法有效的公章是编号为1101070056574的公章。6月13日，比特大陆官网发布北京比特大陆和香港比特大陆联合声明书，再次强调2019年10月免职詹克团行为的真实性，并列举了詹克团行为：包括非法取得所谓北京比特大陆印章证照、假借北京比特大陆名义行事、与其持股的海南大陆方舟数据科技有限公司签署《销售代理协议》等。声明中重申：加盖詹克团以非法手段取得的所谓北京比特公章（编号1101081651178）的任何文件，北京比特大陆与香港比特大陆均不予认可。北京比特公章（编号1101070056574）由吴忌寒授权人员保管，正常使用。一周后，詹克团在微博上给予回应，坚持原公章（编号为1101070056574）已作废，自己手中的新公章（编号为1101081651178）系比特大陆唯一合法有效的公章。比特大陆官网随即发布第三封公告，称比特大陆充分支持吴忌寒，并称香港比特大陆已经暂时停止了向詹克团亲属所控制的世纪云芯的芯片供给。6月21日，一份比特大陆员工发布的"对吴忌寒不合法、不守法、不懂法行为的说明"的声明流出。声明称"吴忌寒所有的行为都是建立在不合法基础上的非法行为，正在将比特大陆和一部分员工拖入深渊"。除此之外，声明中还提到："在詹克团重获比特大陆控制权后，吴忌寒采取了如抢执照、转移公司文件和资产、冒用公司名义造谣等严重违法的疯狂行为。詹克团正在以40亿美元估值收购吴忌寒及其他老股东和部分员工的股份，并将以法律手段解决此问题。"对此，比特大陆官网于6月23日再发公告，重申2019年11月股东大会废除十倍投票权的决议合法有效。公告称，行政机关无权否决该等决定中有关北京比特管理者任免的内容，无论公司登记信息目前状态如何，都不改变詹克团先生已不在北京比特任职、无权代表北京比特行事之事实。公告强调，北京比特的公章一直处于妥善保管、合法使用状态，公司并未申请挂失、重刻公章。同样在6月23日，吴忌寒控制下的微信公众号“蚂蚁矿机ANTMINER”发布了关于北京比特大陆经营协作的磋商及实施进展公告，表示本着为比特大陆负责的原则，两位大股东派出代表，在热心股东和热心第三方的帮助下，就公司生产经营等基本问题进行了磋商，并初步达成了共识。主要共识包括：第一，尽可能维持公司正常生产经营秩序，特别是降低对外部客户和供应商的影响；第二，保持公司账务及时和完整，确保公司财税合规；第三，稳定公司员工。然而，蚂蚁矿机发布的声明很快被删除，这让外界颇为错愕。陷于内斗的比特虽然早在2018年9月，即向港交所递交招股书，然而直至今日，比特大陆依然未能登陆资本市场。而比特大陆的竞争对手嘉楠耕智已经在2019年年底成功赴美上市，而亿邦国际在今年6月26日已成功在美股上市。据亿邦国际6月17日递交的最新版招股书显示，该公司拟发行1932.36万股，发行价区间为4.5美元到6.5美元，拟募资金额为8695万美元到1.25亿美元，若承销商行使选择权全额购买额外的A类普通股，则最高发行总量达2222.214万股，由此计算，最高可募资1.44亿美元。与此同时，亿邦国际的新招股书中公布了其2020年第一季度未经审计的财务报告。报告显示，截至2020年3月31日，亿邦国际第一季度营收为640万美元，同比增长6.1%；营收成本590万美元，同比下降3.9%。另外，亿邦国际净亏损在进一步扩大，已从2019年第一季度净亏损60万美元，扩大至2020年一季度的250万美元。对此，亿邦国际解释，净亏损扩大主要原因为地方政府退税大幅减少，此外，亿邦国际收入主要集中在比特币采矿机上，比特币价格的大幅下跌将对公司比特币采矿机库存的价值产生负面影响。6月26日，亿邦国际正式登陆纳斯达克，发行价格为5.23美元，首日开盘后迅速破发至4.60美元，并一路走低，最低触及3.81美元，相较发行价暴跌27.15%，随后股价上涨，最终收盘价格为5美元。有区块链从业人士向雷达财经表示，嘉楠耘智和亿邦国际上市后，可以获得资本输血。虽然比特大陆相比竞争对手，盈利能力更强，技术更好，但如果股东一直处于内斗状态，不安心做好经营，存在被竞争对手超越的风险。注：本文是雷达财经（ID：leidacj）原创。未经授权，禁止转载。',
 'publish_time': '2020-06-30 00:43:00',
 'title': '比特大陆版“权力的游戏”：免职、抢营业执照、和解共识被删',
 'url': 'http://baijiahao.baidu.com/s?id=1670852409110574829'}
2020-06-30 20:13:15 [scrapy.core.engine] DEBUG: Crawled (200) <GET https://mbd.baidu.com/newspage/data/landingsuper?context=%7B%22nid%22%3A%22news_10269636201997271983%22%7D&n_type=1&p_from=4> (referer: http://baijiahao.baidu.com/s?id=1670914908167595360)
2020-06-30 20:13:15 [scrapy.core.scraper] DEBUG: Scraped from <200 https://mbd.baidu.com/newspage/data/landingsuper?context=%7B%22nid%22%3A%22news_10269636201997271983%22%7D&n_type=1&p_from=4>
{'content': '6月30日，宝洁全球首款击斑美容仪“OPTEAI素颜仪”在天猫国际开售，限量首发3000台。这是继去年进博会量产版全球首秀后，OPTE正式与中国消费者见面。区别于初代传统美容仪，OPTE是一款集结光学识别、算法、喷涂护肤技术的全球首款精准击斑美容仪，使用者只要在脸部扫描、喷涂即可达到快速遮瑕、淡斑护肤的效果，堪比“人脸打印机”、“现实版Photoshop”。"天猫国际上有众多爱尝鲜、追求进阶美容产品的女性消费者，她们和OPTE的目标人群非常一致。"宝洁相关负责人表示，限量发售后，产品后续有持续性供货计划。今年，一批“进博尖货”，都将陆续在天猫国际首发上市。宝洁OPTE美容仪之外，花王EST丝膜喷膜器美容仪、强生露得清定制化3D打印面膜等曾在去年11月第二届中国国际进口博览会上亮相的全球新品，正陆续在天猫国际发售。大集团们引新品入华的方式如出一辙，都将天猫国际视为首发阵地。今年，天猫国际持续推进“三新”策略，引入新品牌、首发新品、孵化新品类，不断加速阿里巴巴5年2000亿美元进口战略。以美容仪品类为例，结合医美技术、智能科技的专业化美容仪，正在天猫国际平台迎来发展爆发期。过去一年，韩国、日本、东南亚、欧洲等国家美容仪品牌加速在天猫国际发新品。数据显示，2020年1月-6月，天猫国际进口美容仪新品牌入驻数量同比增长69%，发布新品数量同比增长129%，新品成交同比增长606%。今年618，大集团在天猫国际提前引入新品牌、加速发新品，成为特殊时期寻求新增长的关键。宝洁、强生、欧莱雅、LVMH、花王等全球10大快消品、美妆、时尚集团“赶集”天猫国际6月8日进口日，首发美妆、保健、个护等品类的2300款新品。其中，宝洁新品HerbalEssences精油免洗喷雾、联合利华首个保健品品牌OLLY的褪黑素软糖、SundayRiley等丝芙兰9款独家首发新品都迎来销售增长。天猫国际已成为海外新品牌入华首选平台。过去一年，天猫国际加速推进阿里巴巴5年2000亿美元进口：海外品牌入驻增速提升至去年的2.1倍，首发新品数量同比增长130%。目前入驻天猫国际的25000多个海外品牌中，8成以上品牌首次入华。',
 'publish_time': '2020-06-30 14:40:00',
 'title': '“人脸打印机”来了！AI美容仪在天猫国际首发',
 'url': 'https://mbd.baidu.com/newspage/data/landingsuper?context=%7B%22nid%22%3A%22news_10269636201997271983%22%7D&n_type=1&p_from=4'}
2020-06-30 20:13:15 [scrapy.core.engine] DEBUG: Crawled (200) <GET http://news.ifeng.com/c/7xjDKNGFjIQ> (referer: http://news.ifeng.com/)
2020-06-30 20:13:15 [scrapy.core.scraper] DEBUG: Scraped from <200 http://news.ifeng.com/c/7xjDKNGFjIQ>
{'content': '【文/观察者网齐倩】近日，澳大利亚媒体和部分官员大肆炒作“网络攻击”议题，以此为由头往中国身上泼脏水。如今，澳大利亚背后的小算盘开始暴露了。就在前不久，澳总理莫里森声称，一个“老练的、国家主导的网络行为者”一直在针对澳大利亚进行网络攻击。尽管他并未提及攻击者具体身份，但澳媒体和反华智库立即与莫里森“一唱一和”污蔑中国。在连番炒作后，澳政府宣称要抵御“外国网络攻击”，高调宣布向该国网络安全部门注资。据《悉尼先驱晨报》报道，莫里森将于当地时间6月30日宣布，未来10年将增加投入13.5亿澳元（约合人民币65.6亿元）资金，并招募500名网络间谍，用于增强该国网络安全防御和攻击能力。《悉尼先驱晨报》29日报道截图报道称，这笔资金将被拨款至澳大利亚信号局（ASD）和其他网络安全部门、主要电信运营商，用于打击“外国网络犯罪分子和更好地识别恶意黑客”。《悉尼先驱晨报》指出，这是澳大利亚网络防御史上规模最大的资金注入计划。根据该计划，属于国防部的澳大利亚信号局，将获得1.18亿澳元资金，用于扩大其数据科学和情报能力，以识别未来10年澳大利亚面临的新兴网络威胁。该机构还将与其他政府部门和企业实时共享情报。《悉尼先驱晨报》称，此次计划将招募500名网络间谍。未来十年，澳大利亚信号局还将花费4.7亿澳元用于招募工作。此外，澳大利亚将斥资3100万澳元用于用于提高该国打击海外网络犯罪的能力；还将耗资2500万澳元设立一个网络威胁共享平台，允许业界和政府分享有关恶意网络活动的情报。值得注意的是，澳政府已经聘请美国前国土安全部部长克里斯汀·尼尔森（KirstjenNielsen）来帮助准备这一总投入达十数亿澳元的网络安全计划。澳大利亚国防部长琳达·雷诺兹（LindaReynolds）表示，上述13.5亿澳元的资金注入将对所有澳大利亚人的网络安全产生切实影响。她说:“该计划将使国家在打击网络威胁方面处于领先地位，我们对网络安全工作人员的投资将有助于确保我们拥有应对未来网络挑战所需的人才。”报道还指出，这一价值13.5亿澳元的注资计划，将使澳大利亚信号局成为澳大利亚“2020年网络安全战略”的关键部分。该战略将于未来几月发布。莫里森6月19日发言，视频截图“联邦政府的首要任务是保护国家的经济、国家安全和主权。恶意网络活动破坏了这一点。”澳大利亚总理莫里森周二声称，针对澳大利亚的恶意网络攻击在频率、规模和复杂性上都在增加。莫里森表示，澳政府在国家网络安全方面“创纪录的投资”，将有助于确保该国拥有反击和保护澳大利亚人安全所需的工具和能力。澳总理莫里森口中的“网络攻击”来自何处？他这一次依旧没说出所以然。但包括《悉尼先驱晨报》在内的澳大利亚和外国媒体再次“捕风捉影”，将澳政府此次注资计划与中国强行扯在一起。此前，莫里森曾于6月19日召开记者会表示，澳大利亚目前正遭受一次重大网络攻击，“攻击对象是各级政府，政党和私营企业”。他声称，攻击者是一个“老练的、国家主导的网络行为者”。莫里森并未向公众提供相关具体信息和攻击者身份，但部分澳大利亚媒体和专家官员“随风起舞”，妄图把脏水泼向中国。著名反华智库澳大利亚战略研究所执行董事宣称，莫里森就是在“点名中国”。对于部分澳媒和官员的污蔑，我国外交部发言人赵立坚在6月19日的记者会上回应称，澳大利亚战略政策研究所对中国的攻击指责“完全没有事实依据，纯属一派胡言”。赵立坚表示：中国是网络安全的坚定维护者，也是黑客攻击的最大受害国之一。我们历来坚决反对并依法打击一切形式的网络黑客攻击行为。这一立场是一贯和明确的。至于你提到的具体情况，这是澳战略政策研究所提出的吧？近期中方多次指出，这个机构长期接受来自美国政府和军火商的经费支持，热衷于炮制和炒作各种反华议题，已经沦为反华“急先锋”，没有任何信誉可言。该机构对中国的攻击指责完全没有事实依据，纯属一派胡言。',
 'publish_time': '2020.06.30 17:16:45',
 'title': '被中国迫害妄想症再发作后，澳大利亚小算盘暴露',
 'url': 'http://news.ifeng.com/c/7xjDKNGFjIQ'}
2020-06-30 20:13:15 [scrapy.core.engine] DEBUG: Crawled (200) <GET https://mil.news.sina.com.cn/zhengming/2020-06-30/doc-iirczymk9705536.shtml> (referer: https://news.sina.com.cn/)
2020-06-30 20:13:15 [scrapy.core.engine] DEBUG: Crawled (200) <GET https://news.sina.com.cn/c/2020-06-30/doc-iirczymk9679379.shtml> (referer: https://news.sina.com.cn/)
2020-06-30 20:13:15 [scrapy.downloadermiddlewares.redirect] DEBUG: Redirecting (307) to <GET https://www.sohu.com/a/404945139_638238> from <GET http://www.sohu.com/a/404945139_638238>
2020-06-30 20:13:15 [scrapy.core.scraper] DEBUG: Scraped from <200 https://mil.news.sina.com.cn/zhengming/2020-06-30/doc-iirczymk9705536.shtml>
{'content': '来源：占豪何时统一台湾，占豪（微信公众号：占豪）曾做过理论分析。根据我们国家的发展规划，统一台湾是中华民族伟大复兴的前提，这就决定了台湾统一最迟也不可能过本世纪中叶。所以，统一台湾肯定是在2049年建国100周年之前，这一点我们可以百分百肯定，两岸不可能永远不统一，也不可能永远维持现状，问题总是要解决的。所以，立足于2049年这个时间节点，我们就可以倒推了。那么，阻碍中国大陆统一台湾的阻力来自哪里？是什么力量在阻碍中国实现统一？答案很明确，毫无疑问是美国！想当初，新中国刚成立之时，正是美国的阻挠及美国介入朝鲜战争，才使得中国不得不暂时放弃了统一台湾。后来，之所以一直未能统一，最大的阻力就是美国。改革开放前，很大程度上是能力问题；改革开放后，能力虽然逐渐有了，但我们必须考虑国家战略和代价问题，统一和发展有一个优先级的问题。很长一段时间以来，对中国来说，国家的主要矛盾不是两岸统一问题，而是14亿人的生存、发展和国家民族伟大复兴问题。实现中华民族伟大复兴、国家的发展和全国人民的福祉是一个系统工程，统一台湾虽然是必要条件，但其优先级和重要性相比14亿人的生存发展问题还是比较靠后的，我们首先必须发展综合国力，这才符合国家利益的最大化。在这样的背景下，统一台湾很长时间以来都不是能力问题，而是紧迫性问题、优先级问题、代价问题，在台海维持现状并非国家现阶段主要矛盾的情况下，我们选择战略性延后统一进程，符合国家总的利益。而我们常说的代价问题，主要作用因素就是美国，从新中国成立到现在，统一台湾的最大障碍一直都是美国，未来也必然是美国。所以，本质上说，统一台湾的问题，就是中美博弈问题。抓住了这个核心矛盾，我们就应该能明白，虽然台湾问题是我们国家的内政，但统一台湾这件事不是一个内政，而是一场大国较量。过去很长时间以来，如果我们不顾一切代价统一台湾，从能力上来说也能做到，但后果是美国联合西方对中国进行封锁打压，从代价上和国家更高优先级的发展视角是不正确的。因为在美国看来，如果我们之前在台湾没有“急独”的情况下就强行统一，在美国看来是打破美国控制的亚太地缘结构的行动，是战略上挑战美国霸权的行为，美国绝对是不会允许的。我们在过去实力较弱的情况下，谋求美国绝对不会允许统一的台湾，迎来的必然是倾力打压中国。我们在实力不够的情况下，在改革开放后的全球格局下，与全球第一强国为敌并不明智。改革开放，是我们国家的生产资料和生产力与西方市场需求对接，借西方的市场力量发展自己的过程。那么，在我们生产力还不够发达的时候，我们硬着统一台湾的结果，就是自己关闭通向西方市场的改革开放大门，那么我们就会错过世界和平发展的时间周期。在这种条件的限制下，很长一段时间以来，我们的国策一直是，除非台湾宣布独立，我们都不会去采取武力手段推动统一，我们只能划下台湾不能独立的底线，同时默认现状。当然，美国也深知中国底线，所以美国虽然动不动对中国打“台湾牌”，但从来不敢真正支持台湾“独立”。如此，中美之间就有了一种持续的战略平衡：中国暂时不强求统一台湾，台湾也不能独立。中美只需要在两国战略平衡的背景下，在台湾问题上维持这种平衡，就能保持台海稳定。通过上述，大家应该明白了三点：一、统一台湾最晚的时间点是2049年，两个一百年目标中第二个一百年目标的内涵中，一定包括统一台湾。二、统一台湾本质上是中美博弈，具体何时统一，很重要的决定因素就是中美的实力对比。三、统一台湾的具体时机，从时间上去推算，取决于中美关于台湾的共识何时被打破。中美在台湾的“共识”，早晚会被打破的，因为该“共识”只是阶段性战略平衡的结果，而且大家彼此都知道有期限。正是这个期限，以及中美实力的此消彼长，使得中美围绕台湾的博弈在近些年越来越剧烈。因为，“到限期”的时间点已经越来越近了。那么，我们再回头看何时会台湾统一的问题。何时台湾统一，占豪（微信公众号：占豪）认为分三种情况：第一种是美国和台湾狼狈为奸，直接刺激“台独”分子搞激进“台独”，中央政府被迫启动《反分裂国家法》，武统开始，接着在一场战争后两岸实现统一。这种可能性相对是较小的，因为美国也好、台湾民进党也罢，暂时都不敢冒进。第二种是自然发展，和平统一。随着中美实力的此消彼长，当中国综合国力大大超过美国，美国逐渐退出了东亚，无法再阻挡两岸统一，两岸最终通过和平谈判实现统一。这种可能性，从现在发展局势看，希望非常渺茫。道理很简单，美国不会眼看着霸权失去而无动于衷，“台独”分子也不会坐以待毙，他们一定会搞事，美国谋求的是打压中国，“台独”分子谋求的则是挟洋谋独。第三种可能性是最可能发生的，也是现在正在演绎中的状态，那就是中美激烈博弈，台湾成为双方博弈筹码，最终博弈加速统一进程。这就是现在实际正在发生的情况。统一台湾，实际上最终是中美博弈出的一个结果。客观上说，统一台湾并非只是统一台湾，还是中美在第一岛链的博弈，所以台湾统一的结果也是中美第一岛链博弈的输赢。那么，基于这样的背景，中美在台海博弈何时出结果呢？占豪（微信公众号：占豪）认为有一个时间节点非常重要，那就是中美GDP的对比，当中国的GDP超过美国时，中美的实力就彻底发生逆转。正常情况下，当中国GDP超越美国之时，距离台湾统一也就不远了。那么，中美GDP何时发生逆转呢？在2014年之前，我们国家的GDP增速较快，那时估计中国应该在2025年前后超越美国成为世界第一大经济体。后来，随着我国经济的转型升级，GDP增速进入中高速发展阶段，我国GDP超越美国的时间大约被推迟到了2030年前后。现在，有了新冠疫情，考虑到美国新冠疫情的发展情况，很有可能把我国GDP超过美国的时间点提前2到3年，也就是说我国GDP超越美国很可能会在到2028年前后。如此一来，2030年后中国的GDP将逐渐拉开与美国的差距，中美实力的彻底逆转就发生了。如果这个时间推断是准确的话，按现在的发展节奏，最可能出现两岸统一的时间阶段是2030年到2035年。所以，占豪（微信公众号：占豪）之前就分析过，2035年前后是台湾最可能被统一的时间节点。由此，我们的初步结论是，正常情况下，未来15年内大陆有可能统一台湾。不过，这一切的分析都是基于相关核心要素的推断上，这并不能代表实际情况也会如此演绎，因为现实中会有很多X因素出现，X因素出现后可能会直接导致事情演变出现重大变化。就现阶段而言，中美博弈加剧，那么中美双方会把很多博弈力量着力到台湾地区，如此就可能加速台海局势演变。台湾最终必然走向统一，这是由中国的国家实力决定的，任何力量最终无法阻挡中国大陆统一台湾，尤其是在中国国力不断增强、中美实力对比此消彼长的背景下。有了这个结论前提，我们就可以得出结论，台海的博弈，中美斗法越激烈，两岸统一得越快。说到这里，我们不妨再简单回顾一下中美在南海的博弈。2009年，奥巴马上任总统后访华，谋求和中国搞G2，试图“收服”中国请中国做“二哥”被中国拒绝，回去美国政府就决定，针对中国搞“亚太再平衡”，美国自2010年开始全面遏制中国。在这样的背景下，菲律宾阿基诺三世政府为了扮演遏制中国的马前卒，2012年利用黄岩岛对中国进行挑衅，南海问题不断走向激化。此后的数年时间里，南海都是中美博弈的地区焦点之一，到2016年7月南海非法仲裁结果出炉达到高潮。不过，2016年7月仲裁结果出炉之前发生了两件事：第一件事是中国在南海数年内“种”了好几座岛屿，第二件事是菲律宾新一任总统杜特尔特在2016年6月底上任。前者，让中国在南海控制力大幅提升；后者，促使菲律宾调整了对华政策。此后，美国再无力再继续在南海激化矛盾，最终南海非法仲裁案无疾而终，美国在南海因为失去了菲律宾的支持也没了抓手，最终南海在中国和菲律宾的合作下，2017年8月在菲律宾首都马尼拉召开的第50届东盟外长会上正式通过了“南海行为准则”框架，南海的紧张局势就此尘埃落定。2018年8月2日，“南海行为准则”单一磋商文本草案形成巩固了南海的稳定局面。中美在南海的博弈，以2012年4月黄岩岛事件为标志，到2017年8月“南海行为准则”框架协议签署，历时5年有余。也就是说，通过5年的博弈，最终的结果是中国掌控了南海。最终，谁是南海的主人，谁又是南海的过客，历史已经证明。那么，我们再看现在的台海。最近，中美军机已经开始在台湾上空展开了较量。据环球网转引台湾亲绿媒体《自由时报》的报道，6月26日中午1时30分左右，解放军军机进入台湾西南空域。该报之前还曾报道，美军EP-3E“白羊座”电子侦察机也出现在台湾西南空域，经过巴士海峡相关海域向南海方向飞行。其实，这就是解放军战机到台湾上空驱逐入侵台湾领空的美国军机，这种事在过去的两三周时间里有已经发生了9次。那么，台湾在这个过程中是什么表现呢？报道宣称，台军通过广播进行了“驱离”，简直让人笑掉大牙！说白了，中美军机神仙打架，台军不敢出来了！台媒称解放军军机26日中午在台湾西南空域飞行（图片来源：台媒）解放军的军机为何频繁进入台湾地区上空？主要是两方面原因：一是正常的巡航，那是我们的领空，我们当然是可以去的；二是驱逐“入侵”美国军机，那是我们的领空，美国军机进入我们当然需要防卫。如果大家还记得，占豪（微信公众号：占豪）前不久在美国军机通过台湾时曾分析过，美国军机穿越台湾将成常态，解放军为了防卫也将进入台湾上空，不久的将来中美军机可能在台湾上空斗法。现在，我们就看到了。对于解放军军机出现在台海一事，东部战区新闻发言人张春晖空军大校曾就海空兵力战备巡航发表谈话表示，台湾及其附属岛屿是中国领土神圣不可分割的一部分，中国军队战备巡航完全正当合法，是针对当前台海安全局势和维护国家主权需要采取的必要行动。战区部队有决心、有能力挫败一切“台独”分裂活动，坚决捍卫国家主权安全和领土完整，坚决维护台海地区和平稳定。就像当初中美在南海斗法一样，中美在台海也开始直接较量了。在南海，我们用了5年多时间控制了南海，让美国成为了一个笑话。那么现在呢？在台海呢？如果从今年开始计算，会是几年结束博弈呢？考虑到台海的重要性以及中美博弈的烈度，时间可能更久一些，或许需要7到10年？中美在台海较量出结果之时，就是台湾统一之日。这个时间，不会太远了！美国和“台独”分子挑衅越激烈，统一进程越快速，我们拭目以待！',
 'publish_time': '2020.06.30 12:37:00',
 'title': '中美军机在台海上空频繁斗法这难道是统一的前奏？',
 'url': 'https://mil.news.sina.com.cn/zhengming/2020-06-30/doc-iirczymk9705536.shtml'}
2020-06-30 20:13:15 [scrapy.core.scraper] DEBUG: Scraped from <200 https://news.sina.com.cn/c/2020-06-30/doc-iirczymk9679379.shtml>
{'content': '原标题：尼泊尔外长：尼泊尔和中国没有边界争端媒体别再发假新闻海外网6月30日电近期，在印度媒体和尼泊尔反对派炒作所谓“中国侵占尼泊尔土地”的消息后，尼泊尔外交部于当地时间25日曾在其官网发布声明驳斥相关不实报道。当地时间29日，尼泊尔外交部长贾瓦利再次明确表示，尼泊尔和中国之间没有边界争端，并奉劝某些媒体不要散布影响两国关系的假新闻。据尼泊尔khabarhub等多家媒体报道，在29日尼泊尔国民议会的一场会议上，贾瓦利表示：“我想澄清一些关于尼中边界的误导性和虚假的新闻。（尼泊尔）农业和畜牧业部已经澄清了这一点，外交部也已经澄清，那就是尼泊尔和中国间的边界不存在争端。”贾瓦利还指出，尼泊尔政府正在研究着这些假新闻的来源，并奉劝媒体不要发布这类会影响中尼双边关系的不实报道。此外，尼泊尔共产党、国大党和社会党的几名议员也在会上建议采取行动，反对任何可能危及两国友谊的不当行为。此前，在某些媒体诬称“中国侵占尼泊尔村庄”后，尼泊尔外交部在其官网发布声明强调：“媒体对尼中边界和侵占尼领土的报道引起了尼泊尔外交部的关注。该新闻据称是基于农业和畜牧业部的‘报道’，但农业部已经反驳并澄清了这样的‘报道’并不存在，并且有关领土争议的事件也不属于农业部的管辖范围。”尼泊尔外交部在声明最后也提到，如有任何问题，尼泊尔政府将与两国有关部门相互协商解决。“尼泊尔外交部要求新闻媒介核实有关当局提供的信息，然后再就可能对这两个友好邻国之间的关系产生不利影响的敏感问题发表评论。”（海外网张霓）责任编辑：张迪',
 'publish_time': '2020.06.30 10:48:00',
 'title': '尼泊尔外长：和中国没有边界争端媒体别再发假新闻',
 'url': 'https://news.sina.com.cn/c/2020-06-30/doc-iirczymk9679379.shtml'}
2020-06-30 20:13:16 [scrapy.core.engine] DEBUG: Crawled (200) <GET https://pacaio.match.qq.com/irs/rcd?cid=137&token=d0f13d594edfc180f5bf6b845456f3ea&ext=top&page=10&callback=__jp13> (referer: https://pacaio.match.qq.com/irs/rcd?cid=137&token=d0f13d594edfc180f5bf6b845456f3ea&id=&ext=top&page=0&expIds=&callback=__jp1)
2020-06-30 20:13:16 [scrapy.core.engine] DEBUG: Crawled (200) <GET http://news.ifeng.com/c/7xjEGdp70am> (referer: http://news.ifeng.com/)
2020-06-30 20:13:16 [scrapy.core.scraper] DEBUG: Scraped from <200 http://news.ifeng.com/c/7xjEGdp70am>
{'content': '东方网·纵相新闻记者单珊据"朝鲜新闻"（NKnews）网6月30日报道，新冠疫情席卷全球以来，朝鲜国内共对922人做了新冠病毒检测，目前仍有255人处于隔离观察中。这些信息来自世卫组织驻朝鲜代表埃德温·萨尔瓦多，也是两个月以来，世卫组织对朝鲜疫情信息的首次更新。萨尔瓦多在邮件中表示，他于6月19日得知，朝鲜国内受检测的922人结果均为阴性，目前仍有255人处于隔离中，他们是此前在中朝边境（丹东-新义州）工作的朝鲜劳工。目前，该国累计解除隔离25551人。据悉，朝鲜所有疑似病例（包括轻度、中度和重度）都被隔离在指定的县级或省级医院内进行管理，即使是轻度疑似病例也没有采取居家隔离措施。萨尔瓦多再次强调，朝鲜目前仍然是0确诊的状态。尽管如此，朝鲜官方媒体仍然呼吁读者在"紧急隔离工作"中"不要松懈"。目前，朝鲜自1月开始实施的关闭边境措施仍未松懈。但药品和医疗用品，已经被优先运往国内，以确保民众能够获得卫生服务。萨尔瓦多还透露，中国上周向朝鲜公共卫生部门捐赠了900件个人防护用品和部分实验室试剂，来自迪拜的2000件个人防护设备将很快到达平壤。目前，朝鲜有15个实验室被指定测试新冠病毒。世卫组织上一次发布朝鲜疫情信息是在4月17日，当时有740人接受病毒检测，共计25139人解除隔离。报道称，朝鲜公共卫生部门一直在与世卫组织分享每周最新情况，介绍疫情应对措施，并强调该国遵循了世卫组织防疫方面的指导方针。此外，萨尔瓦多证实，朝鲜国内所有教育机构都已于6月开学，不过，学生仍然需要佩戴口罩。进入所有公共场所，包括购物中心、餐厅和酒店等，都要进行温度检测和洗手消毒措施。在公共场所戴口罩仍然是"强制性的"，且"不允许公众集会"。根据新华社此前对朝鲜国家卫生检疫院院长朴明守的专访，疫情发生以来，朝鲜将卫生防疫体系转为"国家紧急卫生防疫体系"，抗疫成功之处在于高层重视并及早开展严格防疫措施。目前，全球新冠确诊病例累计已超过1000万例，死亡病例累计破50万例。世卫组织警告说，近期疫情又出现加速传播的趋势。世卫组织总干事谭德塞29日表示，未来数月所有国家将与病毒共存。',
 'publish_time': '2020.06.30 17:18:41',
 'title': '世卫再次确认朝鲜零感染：922例检测均阴性、解除隔离2.5万人',
 'url': 'http://news.ifeng.com/c/7xjEGdp70am'}
